/cineca/prod/opt/libraries/numpy/1.19.4/python--3.8.2/lib/python3.8/site-packages/numpy-1.19.4-py3.8-linux-ppc64le.egg/numpy/core/_asarray.py:83: VisibleDeprecationWarning: Creating an ndarray from ragged nested sequences (which is a list-or-tuple of lists-or-tuples-or ndarrays with different lengths or shapes) is deprecated. If you meant to do this, you must specify 'dtype=object' when creating the ndarray
  return array(a, dtype, copy=False, order=order)
BCE loss is  tensor(5836.4932, device='cuda:0', grad_fn=<SumBackward0>)
KLD_z loss is  tensor(50.3081, device='cuda:0', grad_fn=<SumBackward0>)
4.1632256507873535
BCE loss is  tensor(6539.6021, device='cuda:0', grad_fn=<SumBackward0>)
KLD_z loss is  tensor(54.8115, device='cuda:0', grad_fn=<SumBackward0>)
4.66365909576416
BCE loss is  tensor(6672.3613, device='cuda:0', grad_fn=<SumBackward0>)
KLD_z loss is  tensor(78.8166, device='cuda:0', grad_fn=<SumBackward0>)
4.774524688720703
BCE loss is  tensor(5905.4971, device='cuda:0', grad_fn=<SumBackward0>)
KLD_z loss is  tensor(41.7788, device='cuda:0', grad_fn=<SumBackward0>)
4.205994129180908
BCE loss is  tensor(6002.1011, device='cuda:0', grad_fn=<SumBackward0>)
KLD_z loss is  tensor(29.7797, device='cuda:0', grad_fn=<SumBackward0>)
4.2658281326293945
BCE loss is  tensor(6378.0225, device='cuda:0', grad_fn=<SumBackward0>)
KLD_z loss is  tensor(81.3972, device='cuda:0', grad_fn=<SumBackward0>)
4.5681891441345215
BCE loss is  tensor(6245.5723, device='cuda:0', grad_fn=<SumBackward0>)
KLD_z loss is  tensor(34.7768, device='cuda:0', grad_fn=<SumBackward0>)
4.4415483474731445
BCE loss is  tensor(6126.9443, device='cuda:0', grad_fn=<SumBackward0>)
KLD_z loss is  tensor(65.1713, device='cuda:0', grad_fn=<SumBackward0>)
4.379148483276367
BCE loss is  tensor(5897.1045, device='cuda:0', grad_fn=<SumBackward0>)
KLD_z loss is  tensor(76.9092, device='cuda:0', grad_fn=<SumBackward0>)
4.224903583526611
BCE loss is  tensor(6492.7085, device='cuda:0', grad_fn=<SumBackward0>)
KLD_z loss is  tensor(62.0443, device='cuda:0', grad_fn=<SumBackward0>)
4.635610580444336
BCE loss is  tensor(6736.8242, device='cuda:0', grad_fn=<SumBackward0>)
KLD_z loss is  tensor(53.9161, device='cuda:0', grad_fn=<SumBackward0>)
4.80250358581543
BCE loss is  tensor(6010.7305, device='cuda:0', grad_fn=<SumBackward0>)
KLD_z loss is  tensor(39.4486, device='cuda:0', grad_fn=<SumBackward0>)
4.278769016265869
BCE loss is  tensor(6580.2173, device='cuda:0', grad_fn=<SumBackward0>)
KLD_z loss is  tensor(110.3477, device='cuda:0', grad_fn=<SumBackward0>)
4.731658458709717
BCE loss is  tensor(5992.0552, device='cuda:0', grad_fn=<SumBackward0>)
KLD_z loss is  tensor(36.3356, device='cuda:0', grad_fn=<SumBackward0>)
4.263360023498535
BCE loss is  tensor(6143.3496, device='cuda:0', grad_fn=<SumBackward0>)
KLD_z loss is  tensor(50.1524, device='cuda:0', grad_fn=<SumBackward0>)
4.380128860473633
BCE loss is  tensor(6675.0205, device='cuda:0', grad_fn=<SumBackward0>)
KLD_z loss is  tensor(107.1386, device='cuda:0', grad_fn=<SumBackward0>)
4.796435356140137
BCE loss is  tensor(6284.5410, device='cuda:0', grad_fn=<SumBackward0>)
KLD_z loss is  tensor(84.6193, device='cuda:0', grad_fn=<SumBackward0>)
4.504356861114502
BCE loss is  tensor(5982.9604, device='cuda:0', grad_fn=<SumBackward0>)
KLD_z loss is  tensor(72.4246, device='cuda:0', grad_fn=<SumBackward0>)
4.2824506759643555
BCE loss is  tensor(6406.1914, device='cuda:0', grad_fn=<SumBackward0>)
KLD_z loss is  tensor(73.9184, device='cuda:0', grad_fn=<SumBackward0>)
4.582821846008301
BCE loss is  tensor(6399.7129, device='cuda:0', grad_fn=<SumBackward0>)
KLD_z loss is  tensor(72.2546, device='cuda:0', grad_fn=<SumBackward0>)
4.577063083648682
BCE loss is  tensor(6093.3296, device='cuda:0', grad_fn=<SumBackward0>)
KLD_z loss is  tensor(149.4629, device='cuda:0', grad_fn=<SumBackward0>)
4.414987564086914
BCE loss is  tensor(6514.1201, device='cuda:0', grad_fn=<SumBackward0>)
KLD_z loss is  tensor(67.6175, device='cuda:0', grad_fn=<SumBackward0>)
4.654694557189941
BCE loss is  tensor(6416.7339, device='cuda:0', grad_fn=<SumBackward0>)
KLD_z loss is  tensor(91.4168, device='cuda:0', grad_fn=<SumBackward0>)
4.602652549743652
BCE loss is  tensor(5967.5762, device='cuda:0', grad_fn=<SumBackward0>)
KLD_z loss is  tensor(106.5823, device='cuda:0', grad_fn=<SumBackward0>)
4.295727252960205
BCE loss is  tensor(6251.2080, device='cuda:0', grad_fn=<SumBackward0>)
KLD_z loss is  tensor(76.1821, device='cuda:0', grad_fn=<SumBackward0>)
4.47481632232666
BCE loss is  tensor(6207.8467, device='cuda:0', grad_fn=<SumBackward0>)
KLD_z loss is  tensor(43.2746, device='cuda:0', grad_fn=<SumBackward0>)
4.420877933502197
BCE loss is  tensor(5921.6084, device='cuda:0', grad_fn=<SumBackward0>)
KLD_z loss is  tensor(100.6608, device='cuda:0', grad_fn=<SumBackward0>)
4.259030342102051
BCE loss is  tensor(5931.6543, device='cuda:0', grad_fn=<SumBackward0>)
KLD_z loss is  tensor(30.1501, device='cuda:0', grad_fn=<SumBackward0>)
4.216269016265869
BCE loss is  tensor(6276.9248, device='cuda:0', grad_fn=<SumBackward0>)
KLD_z loss is  tensor(113.7286, device='cuda:0', grad_fn=<SumBackward0>)
4.519556999206543
BCE loss is  tensor(5923.2734, device='cuda:0', grad_fn=<SumBackward0>)
KLD_z loss is  tensor(65.1986, device='cuda:0', grad_fn=<SumBackward0>)
4.235128879547119
BCE loss is  tensor(6352.6606, device='cuda:0', grad_fn=<SumBackward0>)
KLD_z loss is  tensor(54.8759, device='cuda:0', grad_fn=<SumBackward0>)
4.531497001647949
BCE loss is  tensor(6426.7378, device='cuda:0', grad_fn=<SumBackward0>)
KLD_z loss is  tensor(93.7114, device='cuda:0', grad_fn=<SumBackward0>)
4.6113505363464355
BCE loss is  tensor(6882.4072, device='cuda:0', grad_fn=<SumBackward0>)
KLD_z loss is  tensor(82.4535, device='cuda:0', grad_fn=<SumBackward0>)
4.925644397735596
BCE loss is  tensor(6751.2969, device='cuda:0', grad_fn=<SumBackward0>)
KLD_z loss is  tensor(96.2664, device='cuda:0', grad_fn=<SumBackward0>)
4.8426899909973145
BCE loss is  tensor(6258.4131, device='cuda:0', grad_fn=<SumBackward0>)
KLD_z loss is  tensor(48.2580, device='cuda:0', grad_fn=<SumBackward0>)
4.460163593292236
BCE loss is  tensor(6191.5347, device='cuda:0', grad_fn=<SumBackward0>)
KLD_z loss is  tensor(34.4408, device='cuda:0', grad_fn=<SumBackward0>)
4.40309476852417
BCE loss is  tensor(6670.9790, device='cuda:0', grad_fn=<SumBackward0>)
KLD_z loss is  tensor(67.0814, device='cuda:0', grad_fn=<SumBackward0>)
4.765247821807861
BCE loss is  tensor(6475.2417, device='cuda:0', grad_fn=<SumBackward0>)
KLD_z loss is  tensor(53.8307, device='cuda:0', grad_fn=<SumBackward0>)
4.617448806762695
BCE loss is  tensor(6179.1851, device='cuda:0', grad_fn=<SumBackward0>)
KLD_z loss is  tensor(47.9976, device='cuda:0', grad_fn=<SumBackward0>)
4.4039483070373535
BCE loss is  tensor(6373.2095, device='cuda:0', grad_fn=<SumBackward0>)
KLD_z loss is  tensor(34.8541, device='cuda:0', grad_fn=<SumBackward0>)
4.531869411468506
BCE loss is  tensor(5722.2510, device='cuda:0', grad_fn=<SumBackward0>)
KLD_z loss is  tensor(49.9379, device='cuda:0', grad_fn=<SumBackward0>)
4.082170486450195
BCE loss is  tensor(6275.5913, device='cuda:0', grad_fn=<SumBackward0>)
KLD_z loss is  tensor(55.2968, device='cuda:0', grad_fn=<SumBackward0>)
4.477290153503418
BCE loss is  tensor(6124.9600, device='cuda:0', grad_fn=<SumBackward0>)
KLD_z loss is  tensor(91.1851, device='cuda:0', grad_fn=<SumBackward0>)
4.396142482757568
BCE loss is  tensor(5858.5928, device='cuda:0', grad_fn=<SumBackward0>)
KLD_z loss is  tensor(171.8587, device='cuda:0', grad_fn=<SumBackward0>)
4.264817237854004
BCE loss is  tensor(6362.2188, device='cuda:0', grad_fn=<SumBackward0>)
KLD_z loss is  tensor(48.7549, device='cuda:0', grad_fn=<SumBackward0>)
4.533927917480469
BCE loss is  tensor(6108.2720, device='cuda:0', grad_fn=<SumBackward0>)
KLD_z loss is  tensor(43.1581, device='cuda:0', grad_fn=<SumBackward0>)
4.350375175476074
BCE loss is  tensor(6795.8926, device='cuda:0', grad_fn=<SumBackward0>)
KLD_z loss is  tensor(125.7716, device='cuda:0', grad_fn=<SumBackward0>)
4.895094871520996
BCE loss is  tensor(6638.5986, device='cuda:0', grad_fn=<SumBackward0>)
KLD_z loss is  tensor(119.0830, device='cuda:0', grad_fn=<SumBackward0>)
4.7791242599487305
BCE loss is  tensor(6540.8369, device='cuda:0', grad_fn=<SumBackward0>)
KLD_z loss is  tensor(56.5050, device='cuda:0', grad_fn=<SumBackward0>)
4.665729999542236
BCE loss is  tensor(6395.1108, device='cuda:0', grad_fn=<SumBackward0>)
KLD_z loss is  tensor(56.8832, device='cuda:0', grad_fn=<SumBackward0>)
4.5629377365112305
BCE loss is  tensor(6385.5293, device='cuda:0', grad_fn=<SumBackward0>)
KLD_z loss is  tensor(85.9466, device='cuda:0', grad_fn=<SumBackward0>)
4.57671594619751
BCE loss is  tensor(5945.0151, device='cuda:0', grad_fn=<SumBackward0>)
KLD_z loss is  tensor(103.3101, device='cuda:0', grad_fn=<SumBackward0>)
4.2774577140808105
BCE loss is  tensor(6089.2891, device='cuda:0', grad_fn=<SumBackward0>)
KLD_z loss is  tensor(108.0189, device='cuda:0', grad_fn=<SumBackward0>)
4.3828206062316895
BCE loss is  tensor(6364.5269, device='cuda:0', grad_fn=<SumBackward0>)
KLD_z loss is  tensor(71.5106, device='cuda:0', grad_fn=<SumBackward0>)
4.5516533851623535
BCE loss is  tensor(6059.2358, device='cuda:0', grad_fn=<SumBackward0>)
KLD_z loss is  tensor(66.2037, device='cuda:0', grad_fn=<SumBackward0>)
4.33199405670166
BCE loss is  tensor(6407.7451, device='cuda:0', grad_fn=<SumBackward0>)
KLD_z loss is  tensor(64.0551, device='cuda:0', grad_fn=<SumBackward0>)
4.5769453048706055
BCE loss is  tensor(6494.6836, device='cuda:0', grad_fn=<SumBackward0>)
KLD_z loss is  tensor(99.5569, device='cuda:0', grad_fn=<SumBackward0>)
4.663536548614502
BCE loss is  tensor(6643.0879, device='cuda:0', grad_fn=<SumBackward0>)
KLD_z loss is  tensor(98.4644, device='cuda:0', grad_fn=<SumBackward0>)
4.767717361450195
BCE loss is  tensor(6444.2119, device='cuda:0', grad_fn=<SumBackward0>)
KLD_z loss is  tensor(64.5806, device='cuda:0', grad_fn=<SumBackward0>)
4.603106498718262
BCE loss is  tensor(6247.9229, device='cuda:0', grad_fn=<SumBackward0>)
KLD_z loss is  tensor(68.7059, device='cuda:0', grad_fn=<SumBackward0>)
4.467206001281738
BCE loss is  tensor(6527.9604, device='cuda:0', grad_fn=<SumBackward0>)
KLD_z loss is  tensor(46.5600, device='cuda:0', grad_fn=<SumBackward0>)
4.649590492248535
BCE loss is  tensor(6073.8730, device='cuda:0', grad_fn=<SumBackward0>)
KLD_z loss is  tensor(33.1628, device='cuda:0', grad_fn=<SumBackward0>)
4.318978786468506
BCE loss is  tensor(6430.1421, device='cuda:0', grad_fn=<SumBackward0>)
KLD_z loss is  tensor(40.6040, device='cuda:0', grad_fn=<SumBackward0>)
4.576199531555176
BCE loss is  tensor(6040.1479, device='cuda:0', grad_fn=<SumBackward0>)
KLD_z loss is  tensor(32.5853, device='cuda:0', grad_fn=<SumBackward0>)
4.294719696044922
BCE loss is  tensor(6359.4219, device='cuda:0', grad_fn=<SumBackward0>)
KLD_z loss is  tensor(53.7057, device='cuda:0', grad_fn=<SumBackward0>)
4.5354509353637695
BCE loss is  tensor(6049.7773, device='cuda:0', grad_fn=<SumBackward0>)
KLD_z loss is  tensor(48.6412, device='cuda:0', grad_fn=<SumBackward0>)
4.312884330749512
BCE loss is  tensor(6409.6689, device='cuda:0', grad_fn=<SumBackward0>)
KLD_z loss is  tensor(71.7439, device='cuda:0', grad_fn=<SumBackward0>)
4.583743095397949
BCE loss is  tensor(6252.8589, device='cuda:0', grad_fn=<SumBackward0>)
KLD_z loss is  tensor(79.4126, device='cuda:0', grad_fn=<SumBackward0>)
4.478268623352051
BCE loss is  tensor(6298.7148, device='cuda:0', grad_fn=<SumBackward0>)
KLD_z loss is  tensor(59.2943, device='cuda:0', grad_fn=<SumBackward0>)
4.4964704513549805
BCE loss is  tensor(6251.1543, device='cuda:0', grad_fn=<SumBackward0>)
KLD_z loss is  tensor(46.9892, device='cuda:0', grad_fn=<SumBackward0>)
4.454132556915283
BCE loss is  tensor(6570.9331, device='cuda:0', grad_fn=<SumBackward0>)
KLD_z loss is  tensor(79.7392, device='cuda:0', grad_fn=<SumBackward0>)
4.703445911407471
BCE loss is  tensor(6203.6997, device='cuda:0', grad_fn=<SumBackward0>)
KLD_z loss is  tensor(34.2938, device='cuda:0', grad_fn=<SumBackward0>)
4.411593914031982
BCE loss is  tensor(6180.3882, device='cuda:0', grad_fn=<SumBackward0>)
KLD_z loss is  tensor(38.0342, device='cuda:0', grad_fn=<SumBackward0>)
4.39775276184082
BCE loss is  tensor(6330.7275, device='cuda:0', grad_fn=<SumBackward0>)
KLD_z loss is  tensor(111.1468, device='cuda:0', grad_fn=<SumBackward0>)
4.555781364440918
BCE loss is  tensor(6320.7080, device='cuda:0', grad_fn=<SumBackward0>)
KLD_z loss is  tensor(34.6624, device='cuda:0', grad_fn=<SumBackward0>)
4.494604587554932
BCE loss is  tensor(6329.6577, device='cuda:0', grad_fn=<SumBackward0>)
KLD_z loss is  tensor(83.2871, device='cuda:0', grad_fn=<SumBackward0>)
4.5353217124938965
BCE loss is  tensor(6609.2881, device='cuda:0', grad_fn=<SumBackward0>)
KLD_z loss is  tensor(89.3363, device='cuda:0', grad_fn=<SumBackward0>)
4.737358093261719
BCE loss is  tensor(6403.7261, device='cuda:0', grad_fn=<SumBackward0>)
KLD_z loss is  tensor(56.4981, device='cuda:0', grad_fn=<SumBackward0>)
4.568758487701416
BCE loss is  tensor(6662.9033, device='cuda:0', grad_fn=<SumBackward0>)
KLD_z loss is  tensor(69.7778, device='cuda:0', grad_fn=<SumBackward0>)
4.761443614959717
BCE loss is  tensor(6077.4727, device='cuda:0', grad_fn=<SumBackward0>)
KLD_z loss is  tensor(112.9536, device='cuda:0', grad_fn=<SumBackward0>)
4.37795352935791
BCE loss is  tensor(6580.6846, device='cuda:0', grad_fn=<SumBackward0>)
KLD_z loss is  tensor(78.3932, device='cuda:0', grad_fn=<SumBackward0>)
4.709390163421631
BCE loss is  tensor(6467.6084, device='cuda:0', grad_fn=<SumBackward0>)
KLD_z loss is  tensor(54.9892, device='cuda:0', grad_fn=<SumBackward0>)
4.612869739532471
BCE loss is  tensor(6451.0479, device='cuda:0', grad_fn=<SumBackward0>)
KLD_z loss is  tensor(64.3029, device='cuda:0', grad_fn=<SumBackward0>)
4.6077446937561035
BCE loss is  tensor(6625.8579, device='cuda:0', grad_fn=<SumBackward0>)
KLD_z loss is  tensor(59.5707, device='cuda:0', grad_fn=<SumBackward0>)
4.728025913238525
BCE loss is  tensor(6219.0371, device='cuda:0', grad_fn=<SumBackward0>)
KLD_z loss is  tensor(58.1980, device='cuda:0', grad_fn=<SumBackward0>)
4.439345836639404
BCE loss is  tensor(6246.4175, device='cuda:0', grad_fn=<SumBackward0>)
KLD_z loss is  tensor(66.9678, device='cuda:0', grad_fn=<SumBackward0>)
4.464911937713623
BCE loss is  tensor(6261.9395, device='cuda:0', grad_fn=<SumBackward0>)
KLD_z loss is  tensor(34.6294, device='cuda:0', grad_fn=<SumBackward0>)
4.453019142150879
BCE loss is  tensor(6751.5459, device='cuda:0', grad_fn=<SumBackward0>)
KLD_z loss is  tensor(69.6901, device='cuda:0', grad_fn=<SumBackward0>)
4.824070930480957
BCE loss is  tensor(5937.1123, device='cuda:0', grad_fn=<SumBackward0>)
KLD_z loss is  tensor(43.8472, device='cuda:0', grad_fn=<SumBackward0>)
4.22981595993042
BCE loss is  tensor(6367.8174, device='cuda:0', grad_fn=<SumBackward0>)
KLD_z loss is  tensor(41.6284, device='cuda:0', grad_fn=<SumBackward0>)
4.5328474044799805
BCE loss is  tensor(6332.9512, device='cuda:0', grad_fn=<SumBackward0>)
KLD_z loss is  tensor(54.5640, device='cuda:0', grad_fn=<SumBackward0>)
4.517337322235107
BCE loss is  tensor(6309.5220, device='cuda:0', grad_fn=<SumBackward0>)
KLD_z loss is  tensor(52.3317, device='cuda:0', grad_fn=<SumBackward0>)
4.499189376831055
BCE loss is  tensor(6023.1152, device='cuda:0', grad_fn=<SumBackward0>)
KLD_z loss is  tensor(57.4956, device='cuda:0', grad_fn=<SumBackward0>)
4.300290584564209
BCE loss is  tensor(6423.2510, device='cuda:0', grad_fn=<SumBackward0>)
KLD_z loss is  tensor(89.3885, device='cuda:0', grad_fn=<SumBackward0>)
4.605827331542969
BCE loss is  tensor(5848.8828, device='cuda:0', grad_fn=<SumBackward0>)
KLD_z loss is  tensor(36.6754, device='cuda:0', grad_fn=<SumBackward0>)
4.162346839904785
BCE loss is  tensor(6362.9854, device='cuda:0', grad_fn=<SumBackward0>)
KLD_z loss is  tensor(53.2020, device='cuda:0', grad_fn=<SumBackward0>)
4.537614822387695
BCE loss is  tensor(6169.6289, device='cuda:0', grad_fn=<SumBackward0>)
KLD_z loss is  tensor(54.4063, device='cuda:0', grad_fn=<SumBackward0>)
4.401722431182861
BCE loss is  tensor(5855.5547, device='cuda:0', grad_fn=<SumBackward0>)
KLD_z loss is  tensor(96.4100, device='cuda:0', grad_fn=<SumBackward0>)
4.209310531616211
BCE loss is  tensor(6322.0625, device='cuda:0', grad_fn=<SumBackward0>)
KLD_z loss is  tensor(61.0331, device='cuda:0', grad_fn=<SumBackward0>)
4.514212131500244
BCE loss is  tensor(6345.5957, device='cuda:0', grad_fn=<SumBackward0>)
KLD_z loss is  tensor(68.5237, device='cuda:0', grad_fn=<SumBackward0>)
4.536152362823486
BCE loss is  tensor(6464.1221, device='cuda:0', grad_fn=<SumBackward0>)
KLD_z loss is  tensor(69.7389, device='cuda:0', grad_fn=<SumBackward0>)
4.620835304260254
BCE loss is  tensor(6030.7305, device='cuda:0', grad_fn=<SumBackward0>)
KLD_z loss is  tensor(45.9661, device='cuda:0', grad_fn=<SumBackward0>)
4.297522068023682
BCE loss is  tensor(6628.9814, device='cuda:0', grad_fn=<SumBackward0>)
KLD_z loss is  tensor(61.6423, device='cuda:0', grad_fn=<SumBackward0>)
4.7316999435424805
BCE loss is  tensor(6609.8579, device='cuda:0', grad_fn=<SumBackward0>)
KLD_z loss is  tensor(46.1553, device='cuda:0', grad_fn=<SumBackward0>)
4.707222938537598
BCE loss is  tensor(6234.8027, device='cuda:0', grad_fn=<SumBackward0>)
KLD_z loss is  tensor(90.2142, device='cuda:0', grad_fn=<SumBackward0>)
4.473137855529785
BCE loss is  tensor(6672.9443, device='cuda:0', grad_fn=<SumBackward0>)
KLD_z loss is  tensor(76.3545, device='cuda:0', grad_fn=<SumBackward0>)
4.773195743560791
BCE loss is  tensor(6562.3672, device='cuda:0', grad_fn=<SumBackward0>)
KLD_z loss is  tensor(105.4983, device='cuda:0', grad_fn=<SumBackward0>)
4.715604782104492
BCE loss is  tensor(6027.6602, device='cuda:0', grad_fn=<SumBackward0>)
KLD_z loss is  tensor(118.5647, device='cuda:0', grad_fn=<SumBackward0>)
4.346693515777588
BCE loss is  tensor(6484.0137, device='cuda:0', grad_fn=<SumBackward0>)
KLD_z loss is  tensor(67.7896, device='cuda:0', grad_fn=<SumBackward0>)
4.633524417877197
BCE loss is  tensor(6352.9321, device='cuda:0', grad_fn=<SumBackward0>)
KLD_z loss is  tensor(74.8837, device='cuda:0', grad_fn=<SumBackward0>)
4.545838832855225
BCE loss is  tensor(6039.3184, device='cuda:0', grad_fn=<SumBackward0>)
KLD_z loss is  tensor(36.2907, device='cuda:0', grad_fn=<SumBackward0>)
4.296753406524658
BCE loss is  tensor(6417.8193, device='cuda:0', grad_fn=<SumBackward0>)
KLD_z loss is  tensor(93.8654, device='cuda:0', grad_fn=<SumBackward0>)
4.605151653289795
BCE loss is  tensor(6712.3467, device='cuda:0', grad_fn=<SumBackward0>)
KLD_z loss is  tensor(84.0304, device='cuda:0', grad_fn=<SumBackward0>)
4.806489944458008
BCE loss is  tensor(6736.8882, device='cuda:0', grad_fn=<SumBackward0>)
KLD_z loss is  tensor(64.6047, device='cuda:0', grad_fn=<SumBackward0>)
4.810108184814453
BCE loss is  tensor(6823.5059, device='cuda:0', grad_fn=<SumBackward0>)
KLD_z loss is  tensor(76.6959, device='cuda:0', grad_fn=<SumBackward0>)
4.879916191101074
BCE loss is  tensor(6230.9961, device='cuda:0', grad_fn=<SumBackward0>)
KLD_z loss is  tensor(135.6692, device='cuda:0', grad_fn=<SumBackward0>)
4.502592086791992
BCE loss is  tensor(6551.8418, device='cuda:0', grad_fn=<SumBackward0>)
KLD_z loss is  tensor(51.6185, device='cuda:0', grad_fn=<SumBackward0>)
4.6700568199157715
BCE loss is  tensor(6184.7446, device='cuda:0', grad_fn=<SumBackward0>)
KLD_z loss is  tensor(51.4988, device='cuda:0', grad_fn=<SumBackward0>)
4.410356044769287
BCE loss is  tensor(6464.1084, device='cuda:0', grad_fn=<SumBackward0>)
KLD_z loss is  tensor(80.4774, device='cuda:0', grad_fn=<SumBackward0>)
4.628420352935791
BCE loss is  tensor(6334.1523, device='cuda:0', grad_fn=<SumBackward0>)
KLD_z loss is  tensor(53.0994, device='cuda:0', grad_fn=<SumBackward0>)
4.517151355743408
BCE loss is  tensor(6018.8276, device='cuda:0', grad_fn=<SumBackward0>)
KLD_z loss is  tensor(56.2872, device='cuda:0', grad_fn=<SumBackward0>)
4.296403884887695
BCE loss is  tensor(6418.5977, device='cuda:0', grad_fn=<SumBackward0>)
KLD_z loss is  tensor(68.6070, device='cuda:0', grad_fn=<SumBackward0>)
4.587839126586914
BCE loss is  tensor(6249.2544, device='cuda:0', grad_fn=<SumBackward0>)
KLD_z loss is  tensor(47.0655, device='cuda:0', grad_fn=<SumBackward0>)
4.452843189239502
BCE loss is  tensor(6318.4331, device='cuda:0', grad_fn=<SumBackward0>)
KLD_z loss is  tensor(59.7779, device='cuda:0', grad_fn=<SumBackward0>)
4.5107574462890625
BCE loss is  tensor(6341.3130, device='cuda:0', grad_fn=<SumBackward0>)
KLD_z loss is  tensor(47.0017, device='cuda:0', grad_fn=<SumBackward0>)
4.517902851104736
BCE loss is  tensor(5873.6074, device='cuda:0', grad_fn=<SumBackward0>)
KLD_z loss is  tensor(50.8248, device='cuda:0', grad_fn=<SumBackward0>)
4.189838886260986
BCE loss is  tensor(6394.2295, device='cuda:0', grad_fn=<SumBackward0>)
KLD_z loss is  tensor(105.8573, device='cuda:0', grad_fn=<SumBackward0>)
4.596950054168701
BCE loss is  tensor(6142.1074, device='cuda:0', grad_fn=<SumBackward0>)
KLD_z loss is  tensor(127.2476, device='cuda:0', grad_fn=<SumBackward0>)
4.433773040771484
BCE loss is  tensor(6467.9375, device='cuda:0', grad_fn=<SumBackward0>)
KLD_z loss is  tensor(74.1105, device='cuda:0', grad_fn=<SumBackward0>)
4.626625061035156
BCE loss is  tensor(6062.9912, device='cuda:0', grad_fn=<SumBackward0>)
KLD_z loss is  tensor(70.0838, device='cuda:0', grad_fn=<SumBackward0>)
4.3373942375183105
BCE loss is  tensor(6132.3706, device='cuda:0', grad_fn=<SumBackward0>)
KLD_z loss is  tensor(142.5843, device='cuda:0', grad_fn=<SumBackward0>)
4.4377336502075195
BCE loss is  tensor(6806.5166, device='cuda:0', grad_fn=<SumBackward0>)
KLD_z loss is  tensor(68.8673, device='cuda:0', grad_fn=<SumBackward0>)
4.862364768981934
BCE loss is  tensor(6142.3350, device='cuda:0', grad_fn=<SumBackward0>)
KLD_z loss is  tensor(54.0622, device='cuda:0', grad_fn=<SumBackward0>)
4.382176399230957
BCE loss is  tensor(6383.6533, device='cuda:0', grad_fn=<SumBackward0>)
KLD_z loss is  tensor(86.4010, device='cuda:0', grad_fn=<SumBackward0>)
4.575710296630859
BCE loss is  tensor(6373.9951, device='cuda:0', grad_fn=<SumBackward0>)
KLD_z loss is  tensor(47.5228, device='cuda:0', grad_fn=<SumBackward0>)
4.541384696960449
BCE loss is  tensor(6537.7744, device='cuda:0', grad_fn=<SumBackward0>)
KLD_z loss is  tensor(56.0094, device='cuda:0', grad_fn=<SumBackward0>)
4.66321325302124
BCE loss is  tensor(6417.0605, device='cuda:0', grad_fn=<SumBackward0>)
KLD_z loss is  tensor(48.6243, device='cuda:0', grad_fn=<SumBackward0>)
4.572620391845703
BCE loss is  tensor(6159.4780, device='cuda:0', grad_fn=<SumBackward0>)
KLD_z loss is  tensor(45.8632, device='cuda:0', grad_fn=<SumBackward0>)
4.3885016441345215
BCE loss is  tensor(6573.5288, device='cuda:0', grad_fn=<SumBackward0>)
KLD_z loss is  tensor(51.3576, device='cuda:0', grad_fn=<SumBackward0>)
4.68520975112915
BCE loss is  tensor(6738.5757, device='cuda:0', grad_fn=<SumBackward0>)
KLD_z loss is  tensor(108.7218, device='cuda:0', grad_fn=<SumBackward0>)
4.842501640319824
BCE loss is  tensor(6166.8672, device='cuda:0', grad_fn=<SumBackward0>)
KLD_z loss is  tensor(170.1310, device='cuda:0', grad_fn=<SumBackward0>)
4.481611251831055
BCE loss is  tensor(6371.5249, device='cuda:0', grad_fn=<SumBackward0>)
KLD_z loss is  tensor(62.8217, device='cuda:0', grad_fn=<SumBackward0>)
4.55045747756958
BCE loss is  tensor(6418.2295, device='cuda:0', grad_fn=<SumBackward0>)
KLD_z loss is  tensor(33.3353, device='cuda:0', grad_fn=<SumBackward0>)
4.562634468078613
BCE loss is  tensor(6030.9058, device='cuda:0', grad_fn=<SumBackward0>)
KLD_z loss is  tensor(114.7211, device='cuda:0', grad_fn=<SumBackward0>)
4.34627103805542
BCE loss is  tensor(6730.2544, device='cuda:0', grad_fn=<SumBackward0>)
KLD_z loss is  tensor(105.4619, device='cuda:0', grad_fn=<SumBackward0>)
4.834311485290527
BCE loss is  tensor(6290.7969, device='cuda:0', grad_fn=<SumBackward0>)
KLD_z loss is  tensor(38.5203, device='cuda:0', grad_fn=<SumBackward0>)
4.476179122924805
BCE loss is  tensor(6371.9814, device='cuda:0', grad_fn=<SumBackward0>)
KLD_z loss is  tensor(64.0198, device='cuda:0', grad_fn=<SumBackward0>)
4.5516276359558105
BCE loss is  tensor(6473.0137, device='cuda:0', grad_fn=<SumBackward0>)
KLD_z loss is  tensor(108.8596, device='cuda:0', grad_fn=<SumBackward0>)
4.654789924621582
BCE loss is  tensor(6858.0562, device='cuda:0', grad_fn=<SumBackward0>)
KLD_z loss is  tensor(97.8484, device='cuda:0', grad_fn=<SumBackward0>)
4.919310092926025
BCE loss is  tensor(6732.9482, device='cuda:0', grad_fn=<SumBackward0>)
KLD_z loss is  tensor(121.9253, device='cuda:0', grad_fn=<SumBackward0>)
4.847859859466553
BCE loss is  tensor(6053.8389, device='cuda:0', grad_fn=<SumBackward0>)
KLD_z loss is  tensor(50.8266, device='cuda:0', grad_fn=<SumBackward0>)
4.317302227020264
BCE loss is  tensor(6053.3584, device='cuda:0', grad_fn=<SumBackward0>)
KLD_z loss is  tensor(80.0818, device='cuda:0', grad_fn=<SumBackward0>)
4.337652206420898
BCE loss is  tensor(6315.6069, device='cuda:0', grad_fn=<SumBackward0>)
KLD_z loss is  tensor(56.4259, device='cuda:0', grad_fn=<SumBackward0>)
4.506388187408447
BCE loss is  tensor(6048.8184, device='cuda:0', grad_fn=<SumBackward0>)
KLD_z loss is  tensor(111.9326, device='cuda:0', grad_fn=<SumBackward0>)
4.356966972351074
BCE loss is  tensor(6035.4326, device='cuda:0', grad_fn=<SumBackward0>)
KLD_z loss is  tensor(74.3717, device='cuda:0', grad_fn=<SumBackward0>)
4.320936679840088
BCE loss is  tensor(6205.5762, device='cuda:0', grad_fn=<SumBackward0>)
KLD_z loss is  tensor(112.0319, device='cuda:0', grad_fn=<SumBackward0>)
4.467898368835449
BCE loss is  tensor(6156.1060, device='cuda:0', grad_fn=<SumBackward0>)
KLD_z loss is  tensor(55.9161, device='cuda:0', grad_fn=<SumBackward0>)
4.393226146697998
BCE loss is  tensor(5839.8662, device='cuda:0', grad_fn=<SumBackward0>)
KLD_z loss is  tensor(74.7144, device='cuda:0', grad_fn=<SumBackward0>)
4.1828718185424805
BCE loss is  tensor(6379.7432, device='cuda:0', grad_fn=<SumBackward0>)
KLD_z loss is  tensor(37.6707, device='cuda:0', grad_fn=<SumBackward0>)
4.538482666015625
BCE loss is  tensor(6044.1045, device='cuda:0', grad_fn=<SumBackward0>)
KLD_z loss is  tensor(37.2398, device='cuda:0', grad_fn=<SumBackward0>)
4.300809383392334
BCE loss is  tensor(6666.6777, device='cuda:0', grad_fn=<SumBackward0>)
KLD_z loss is  tensor(89.4614, device='cuda:0', grad_fn=<SumBackward0>)
4.778033256530762
BCE loss is  tensor(6119.4570, device='cuda:0', grad_fn=<SumBackward0>)
KLD_z loss is  tensor(36.5556, device='cuda:0', grad_fn=<SumBackward0>)
4.353615760803223
BCE loss is  tensor(6570.2002, device='cuda:0', grad_fn=<SumBackward0>)
KLD_z loss is  tensor(105.9316, device='cuda:0', grad_fn=<SumBackward0>)
4.721451282501221
BCE loss is  tensor(6619.9912, device='cuda:0', grad_fn=<SumBackward0>)
KLD_z loss is  tensor(55.1665, device='cuda:0', grad_fn=<SumBackward0>)
4.720762252807617
BCE loss is  tensor(6074.4766, device='cuda:0', grad_fn=<SumBackward0>)
KLD_z loss is  tensor(35.5904, device='cuda:0', grad_fn=<SumBackward0>)
4.321122169494629
BCE loss is  tensor(6360.9199, device='cuda:0', grad_fn=<SumBackward0>)
KLD_z loss is  tensor(47.2175, device='cuda:0', grad_fn=<SumBackward0>)
4.531921863555908
BCE loss is  tensor(6117.1172, device='cuda:0', grad_fn=<SumBackward0>)
KLD_z loss is  tensor(59.0319, device='cuda:0', grad_fn=<SumBackward0>)
4.367856502532959
BCE loss is  tensor(6614.8926, device='cuda:0', grad_fn=<SumBackward0>)
KLD_z loss is  tensor(91.9303, device='cuda:0', grad_fn=<SumBackward0>)
4.743156433105469
BCE loss is  tensor(6756.4170, device='cuda:0', grad_fn=<SumBackward0>)
KLD_z loss is  tensor(90.9720, device='cuda:0', grad_fn=<SumBackward0>)
4.84256649017334
BCE loss is  tensor(6139.3457, device='cuda:0', grad_fn=<SumBackward0>)
KLD_z loss is  tensor(58.9022, device='cuda:0', grad_fn=<SumBackward0>)
4.383485317230225
BCE loss is  tensor(6446.9082, device='cuda:0', grad_fn=<SumBackward0>)
KLD_z loss is  tensor(84.6511, device='cuda:0', grad_fn=<SumBackward0>)
4.619207382202148
BCE loss is  tensor(6256.9160, device='cuda:0', grad_fn=<SumBackward0>)
KLD_z loss is  tensor(55.0097, device='cuda:0', grad_fn=<SumBackward0>)
4.463879585266113
BCE loss is  tensor(6748.6143, device='cuda:0', grad_fn=<SumBackward0>)
KLD_z loss is  tensor(69.3500, device='cuda:0', grad_fn=<SumBackward0>)
4.821756839752197
BCE loss is  tensor(6567.4868, device='cuda:0', grad_fn=<SumBackward0>)
KLD_z loss is  tensor(85.9350, device='cuda:0', grad_fn=<SumBackward0>)
4.705390453338623
BCE loss is  tensor(6570.9336, device='cuda:0', grad_fn=<SumBackward0>)
KLD_z loss is  tensor(61.0982, device='cuda:0', grad_fn=<SumBackward0>)
4.690262794494629
BCE loss is  tensor(6284.3018, device='cuda:0', grad_fn=<SumBackward0>)
KLD_z loss is  tensor(40.1187, device='cuda:0', grad_fn=<SumBackward0>)
4.472715854644775
BCE loss is  tensor(6618.6699, device='cuda:0', grad_fn=<SumBackward0>)
KLD_z loss is  tensor(112.9805, device='cuda:0', grad_fn=<SumBackward0>)
4.760714530944824
BCE loss is  tensor(6523.4170, device='cuda:0', grad_fn=<SumBackward0>)
KLD_z loss is  tensor(50.6192, device='cuda:0', grad_fn=<SumBackward0>)
4.649247646331787
BCE loss is  tensor(6361.6147, device='cuda:0', grad_fn=<SumBackward0>)
KLD_z loss is  tensor(102.2460, device='cuda:0', grad_fn=<SumBackward0>)
4.5713300704956055
BCE loss is  tensor(6436.7231, device='cuda:0', grad_fn=<SumBackward0>)
KLD_z loss is  tensor(67.1136, device='cuda:0', grad_fn=<SumBackward0>)
4.599601745605469
BCE loss is  tensor(6524.7676, device='cuda:0', grad_fn=<SumBackward0>)
KLD_z loss is  tensor(73.9370, device='cuda:0', grad_fn=<SumBackward0>)
4.666693687438965
BCE loss is  tensor(6682.8955, device='cuda:0', grad_fn=<SumBackward0>)
KLD_z loss is  tensor(103.5105, device='cuda:0', grad_fn=<SumBackward0>)
4.799438953399658
BCE loss is  tensor(6319.1465, device='cuda:0', grad_fn=<SumBackward0>)
KLD_z loss is  tensor(80.3158, device='cuda:0', grad_fn=<SumBackward0>)
4.525786876678467
BCE loss is  tensor(5751.5854, device='cuda:0', grad_fn=<SumBackward0>)
KLD_z loss is  tensor(49.8162, device='cuda:0', grad_fn=<SumBackward0>)
4.102829933166504
BCE loss is  tensor(6349.7178, device='cuda:0', grad_fn=<SumBackward0>)
KLD_z loss is  tensor(38.7218, device='cuda:0', grad_fn=<SumBackward0>)
4.517991065979004
BCE loss is  tensor(6509.5010, device='cuda:0', grad_fn=<SumBackward0>)
KLD_z loss is  tensor(80.3397, device='cuda:0', grad_fn=<SumBackward0>)
4.660425186157227
BCE loss is  tensor(6428.7979, device='cuda:0', grad_fn=<SumBackward0>)
KLD_z loss is  tensor(111.9653, device='cuda:0', grad_fn=<SumBackward0>)
4.625716686248779
BCE loss is  tensor(5916.8560, device='cuda:0', grad_fn=<SumBackward0>)
KLD_z loss is  tensor(40.8246, device='cuda:0', grad_fn=<SumBackward0>)
4.213352680206299
BCE loss is  tensor(6746.6582, device='cuda:0', grad_fn=<SumBackward0>)
KLD_z loss is  tensor(50.8292, device='cuda:0', grad_fn=<SumBackward0>)
4.807275295257568
BCE loss is  tensor(6178.3872, device='cuda:0', grad_fn=<SumBackward0>)
KLD_z loss is  tensor(60.2347, device='cuda:0', grad_fn=<SumBackward0>)
4.412038326263428
BCE loss is  tensor(6116.0259, device='cuda:0', grad_fn=<SumBackward0>)
KLD_z loss is  tensor(90.3220, device='cuda:0', grad_fn=<SumBackward0>)
4.389213562011719
BCE loss is  tensor(6594.3579, device='cuda:0', grad_fn=<SumBackward0>)
KLD_z loss is  tensor(91.3164, device='cuda:0', grad_fn=<SumBackward0>)
4.7281999588012695
BCE loss is  tensor(6328.5747, device='cuda:0', grad_fn=<SumBackward0>)
KLD_z loss is  tensor(42.2660, device='cuda:0', grad_fn=<SumBackward0>)
4.505545139312744
BCE loss is  tensor(6380.8530, device='cuda:0', grad_fn=<SumBackward0>)
KLD_z loss is  tensor(57.5456, device='cuda:0', grad_fn=<SumBackward0>)
4.553322792053223
BCE loss is  tensor(6807.9502, device='cuda:0', grad_fn=<SumBackward0>)
KLD_z loss is  tensor(57.7984, device='cuda:0', grad_fn=<SumBackward0>)
4.855550765991211
BCE loss is  tensor(6090.6807, device='cuda:0', grad_fn=<SumBackward0>)
KLD_z loss is  tensor(45.3178, device='cuda:0', grad_fn=<SumBackward0>)
4.339461803436279
BCE loss is  tensor(6350.5688, device='cuda:0', grad_fn=<SumBackward0>)
KLD_z loss is  tensor(61.8600, device='cuda:0', grad_fn=<SumBackward0>)
4.534956932067871
BCE loss is  tensor(6284.1045, device='cuda:0', grad_fn=<SumBackward0>)
KLD_z loss is  tensor(49.7696, device='cuda:0', grad_fn=<SumBackward0>)
4.479401588439941
BCE loss is  tensor(6679.5371, device='cuda:0', grad_fn=<SumBackward0>)
KLD_z loss is  tensor(93.3139, device='cuda:0', grad_fn=<SumBackward0>)
4.789852142333984
BCE loss is  tensor(6188.7988, device='cuda:0', grad_fn=<SumBackward0>)
KLD_z loss is  tensor(60.4389, device='cuda:0', grad_fn=<SumBackward0>)
4.419546127319336
BCE loss is  tensor(6177.9785, device='cuda:0', grad_fn=<SumBackward0>)
KLD_z loss is  tensor(70.0444, device='cuda:0', grad_fn=<SumBackward0>)
4.418686866760254
BCE loss is  tensor(6197.7588, device='cuda:0', grad_fn=<SumBackward0>)
KLD_z loss is  tensor(41.5089, device='cuda:0', grad_fn=<SumBackward0>)
4.412494659423828
BCE loss is  tensor(6372.0508, device='cuda:0', grad_fn=<SumBackward0>)
KLD_z loss is  tensor(48.1866, device='cuda:0', grad_fn=<SumBackward0>)
4.5404791831970215
BCE loss is  tensor(6643.9819, device='cuda:0', grad_fn=<SumBackward0>)
KLD_z loss is  tensor(35.2907, device='cuda:0', grad_fn=<SumBackward0>)
4.723672389984131
BCE loss is  tensor(6038.4575, device='cuda:0', grad_fn=<SumBackward0>)
KLD_z loss is  tensor(63.2893, device='cuda:0', grad_fn=<SumBackward0>)
4.3152384757995605
BCE loss is  tensor(6555.0273, device='cuda:0', grad_fn=<SumBackward0>)
KLD_z loss is  tensor(122.6531, device='cuda:0', grad_fn=<SumBackward0>)
4.722546577453613
BCE loss is  tensor(6317.8193, device='cuda:0', grad_fn=<SumBackward0>)
KLD_z loss is  tensor(97.9092, device='cuda:0', grad_fn=<SumBackward0>)
4.537290573120117
BCE loss is  tensor(6026.3579, device='cuda:0', grad_fn=<SumBackward0>)
KLD_z loss is  tensor(94.0424, device='cuda:0', grad_fn=<SumBackward0>)
4.32843017578125
BCE loss is  tensor(5983.2520, device='cuda:0', grad_fn=<SumBackward0>)
KLD_z loss is  tensor(57.9302, device='cuda:0', grad_fn=<SumBackward0>)
4.272406101226807
BCE loss is  tensor(6116.6904, device='cuda:0', grad_fn=<SumBackward0>)
KLD_z loss is  tensor(43.0989, device='cuda:0', grad_fn=<SumBackward0>)
4.356287002563477
BCE loss is  tensor(6750.7285, device='cuda:0', grad_fn=<SumBackward0>)
KLD_z loss is  tensor(112.4445, device='cuda:0', grad_fn=<SumBackward0>)
4.853729248046875
BCE loss is  tensor(6617.0293, device='cuda:0', grad_fn=<SumBackward0>)
KLD_z loss is  tensor(62.2551, device='cuda:0', grad_fn=<SumBackward0>)
4.72368049621582
BCE loss is  tensor(5962.2866, device='cuda:0', grad_fn=<SumBackward0>)
KLD_z loss is  tensor(63.7452, device='cuda:0', grad_fn=<SumBackward0>)
4.261691570281982
BCE loss is  tensor(6833.8535, device='cuda:0', grad_fn=<SumBackward0>)
KLD_z loss is  tensor(104.0559, device='cuda:0', grad_fn=<SumBackward0>)
4.906583786010742
BCE loss is  tensor(6383.3242, device='cuda:0', grad_fn=<SumBackward0>)
KLD_z loss is  tensor(77.0527, device='cuda:0', grad_fn=<SumBackward0>)
4.56886625289917
BCE loss is  tensor(6478.6709, device='cuda:0', grad_fn=<SumBackward0>)
KLD_z loss is  tensor(91.0833, device='cuda:0', grad_fn=<SumBackward0>)
4.646219730377197
BCE loss is  tensor(5972.5811, device='cuda:0', grad_fn=<SumBackward0>)
KLD_z loss is  tensor(71.8921, device='cuda:0', grad_fn=<SumBackward0>)
4.274733543395996
BCE loss is  tensor(6024.7666, device='cuda:0', grad_fn=<SumBackward0>)
KLD_z loss is  tensor(44.2255, device='cuda:0', grad_fn=<SumBackward0>)
4.292073726654053
BCE loss is  tensor(6357.8770, device='cuda:0', grad_fn=<SumBackward0>)
KLD_z loss is  tensor(163.1799, device='cuda:0', grad_fn=<SumBackward0>)
4.611780166625977
BCE loss is  tensor(6287.9414, device='cuda:0', grad_fn=<SumBackward0>)
KLD_z loss is  tensor(51.7947, device='cuda:0', grad_fn=<SumBackward0>)
4.483547687530518
BCE loss is  tensor(6259.0815, device='cuda:0', grad_fn=<SumBackward0>)
KLD_z loss is  tensor(60.2976, device='cuda:0', grad_fn=<SumBackward0>)
4.469151020050049
BCE loss is  tensor(6639.5806, device='cuda:0', grad_fn=<SumBackward0>)
KLD_z loss is  tensor(56.3172, device='cuda:0', grad_fn=<SumBackward0>)
4.7354302406311035
BCE loss is  tensor(6557.7363, device='cuda:0', grad_fn=<SumBackward0>)
KLD_z loss is  tensor(94.5482, device='cuda:0', grad_fn=<SumBackward0>)
4.704586029052734
BCE loss is  tensor(6718.0527, device='cuda:0', grad_fn=<SumBackward0>)
KLD_z loss is  tensor(91.7654, device='cuda:0', grad_fn=<SumBackward0>)
4.815995693206787
BCE loss is  tensor(6320.2373, device='cuda:0', grad_fn=<SumBackward0>)
KLD_z loss is  tensor(41.5511, device='cuda:0', grad_fn=<SumBackward0>)
4.499143123626709
BCE loss is  tensor(6381.7832, device='cuda:0', grad_fn=<SumBackward0>)
KLD_z loss is  tensor(58.0739, device='cuda:0', grad_fn=<SumBackward0>)
4.554354190826416
BCE loss is  tensor(6023.8828, device='cuda:0', grad_fn=<SumBackward0>)
KLD_z loss is  tensor(37.4558, device='cuda:0', grad_fn=<SumBackward0>)
4.286660671234131
BCE loss is  tensor(6817.3232, device='cuda:0', grad_fn=<SumBackward0>)
KLD_z loss is  tensor(62.5827, device='cuda:0', grad_fn=<SumBackward0>)
4.865562915802002
BCE loss is  tensor(6675.5342, device='cuda:0', grad_fn=<SumBackward0>)
KLD_z loss is  tensor(95.8500, device='cuda:0', grad_fn=<SumBackward0>)
4.788815021514893
BCE loss is  tensor(6880.3774, device='cuda:0', grad_fn=<SumBackward0>)
KLD_z loss is  tensor(63.4794, device='cuda:0', grad_fn=<SumBackward0>)
4.910789966583252
BCE loss is  tensor(6127.2021, device='cuda:0', grad_fn=<SumBackward0>)
KLD_z loss is  tensor(85.4143, device='cuda:0', grad_fn=<SumBackward0>)
4.393647193908691
BCE loss is  tensor(5946.5981, device='cuda:0', grad_fn=<SumBackward0>)
KLD_z loss is  tensor(37.2740, device='cuda:0', grad_fn=<SumBackward0>)
4.231875896453857
BCE loss is  tensor(6700.5342, device='cuda:0', grad_fn=<SumBackward0>)
KLD_z loss is  tensor(84.4573, device='cuda:0', grad_fn=<SumBackward0>)
4.798438549041748
BCE loss is  tensor(6225.7373, device='cuda:0', grad_fn=<SumBackward0>)
KLD_z loss is  tensor(66.9510, device='cuda:0', grad_fn=<SumBackward0>)
4.45027494430542
BCE loss is  tensor(6235.8730, device='cuda:0', grad_fn=<SumBackward0>)
KLD_z loss is  tensor(70.7681, device='cuda:0', grad_fn=<SumBackward0>)
4.460142135620117
BCE loss is  tensor(6239.8696, device='cuda:0', grad_fn=<SumBackward0>)
KLD_z loss is  tensor(120.5050, device='cuda:0', grad_fn=<SumBackward0>)
4.498143196105957
BCE loss is  tensor(6257.3125, device='cuda:0', grad_fn=<SumBackward0>)
KLD_z loss is  tensor(43.1546, device='cuda:0', grad_fn=<SumBackward0>)
4.455776214599609
BCE loss is  tensor(6825.8018, device='cuda:0', grad_fn=<SumBackward0>)
KLD_z loss is  tensor(73.3404, device='cuda:0', grad_fn=<SumBackward0>)
4.879167079925537
BCE loss is  tensor(6134.1812, device='cuda:0', grad_fn=<SumBackward0>)
KLD_z loss is  tensor(147.8170, device='cuda:0', grad_fn=<SumBackward0>)
4.442714214324951
BCE loss is  tensor(6253.0142, device='cuda:0', grad_fn=<SumBackward0>)
KLD_z loss is  tensor(57.4079, device='cuda:0', grad_fn=<SumBackward0>)
4.46281623840332
BCE loss is  tensor(6719.8203, device='cuda:0', grad_fn=<SumBackward0>)
KLD_z loss is  tensor(64.6857, device='cuda:0', grad_fn=<SumBackward0>)
4.798094749450684
BCE loss is  tensor(6211.7920, device='cuda:0', grad_fn=<SumBackward0>)
KLD_z loss is  tensor(67.9747, device='cuda:0', grad_fn=<SumBackward0>)
4.441136360168457
BCE loss is  tensor(6479.8369, device='cuda:0', grad_fn=<SumBackward0>)
KLD_z loss is  tensor(60.1459, device='cuda:0', grad_fn=<SumBackward0>)
4.625164985656738
BCE loss is  tensor(6153.9170, device='cuda:0', grad_fn=<SumBackward0>)
KLD_z loss is  tensor(72.5991, device='cuda:0', grad_fn=<SumBackward0>)
4.403476715087891
BCE loss is  tensor(6725.9111, device='cuda:0', grad_fn=<SumBackward0>)
KLD_z loss is  tensor(73.1198, device='cuda:0', grad_fn=<SumBackward0>)
4.808366775512695
BCE loss is  tensor(6002.5205, device='cuda:0', grad_fn=<SumBackward0>)
KLD_z loss is  tensor(61.4432, device='cuda:0', grad_fn=<SumBackward0>)
4.288517475128174
BCE loss is  tensor(6521.7393, device='cuda:0', grad_fn=<SumBackward0>)
KLD_z loss is  tensor(122.9305, device='cuda:0', grad_fn=<SumBackward0>)
4.6992011070251465
BCE loss is  tensor(6181.1279, device='cuda:0', grad_fn=<SumBackward0>)
KLD_z loss is  tensor(48.8366, device='cuda:0', grad_fn=<SumBackward0>)
4.405915260314941
BCE loss is  tensor(6345.5493, device='cuda:0', grad_fn=<SumBackward0>)
KLD_z loss is  tensor(70.0091, device='cuda:0', grad_fn=<SumBackward0>)
4.53717041015625
BCE loss is  tensor(6597.3184, device='cuda:0', grad_fn=<SumBackward0>)
KLD_z loss is  tensor(64.3391, device='cuda:0', grad_fn=<SumBackward0>)
4.711214542388916
BCE loss is  tensor(5937.5684, device='cuda:0', grad_fn=<SumBackward0>)
KLD_z loss is  tensor(38.5715, device='cuda:0', grad_fn=<SumBackward0>)
4.226407051086426
BCE loss is  tensor(6412.5435, device='cuda:0', grad_fn=<SumBackward0>)
KLD_z loss is  tensor(34.0745, device='cuda:0', grad_fn=<SumBackward0>)
4.559135913848877
BCE loss is  tensor(6214.0762, device='cuda:0', grad_fn=<SumBackward0>)
KLD_z loss is  tensor(69.0701, device='cuda:0', grad_fn=<SumBackward0>)
4.443526744842529
BCE loss is  tensor(6220.3853, device='cuda:0', grad_fn=<SumBackward0>)
KLD_z loss is  tensor(40.3621, device='cuda:0', grad_fn=<SumBackward0>)
4.427685737609863
BCE loss is  tensor(6228.1348, device='cuda:0', grad_fn=<SumBackward0>)
KLD_z loss is  tensor(56.6647, device='cuda:0', grad_fn=<SumBackward0>)
4.444695472717285
BCE loss is  tensor(6227.4189, device='cuda:0', grad_fn=<SumBackward0>)
KLD_z loss is  tensor(62.3261, device='cuda:0', grad_fn=<SumBackward0>)
4.448193073272705
BCE loss is  tensor(6465.9326, device='cuda:0', grad_fn=<SumBackward0>)
KLD_z loss is  tensor(76.8880, device='cuda:0', grad_fn=<SumBackward0>)
4.627171993255615
BCE loss is  tensor(6583.2441, device='cuda:0', grad_fn=<SumBackward0>)
KLD_z loss is  tensor(64.2064, device='cuda:0', grad_fn=<SumBackward0>)
4.701167583465576
BCE loss is  tensor(6762.3057, device='cuda:0', grad_fn=<SumBackward0>)
KLD_z loss is  tensor(65.0027, device='cuda:0', grad_fn=<SumBackward0>)
4.828365325927734
BCE loss is  tensor(6537.7095, device='cuda:0', grad_fn=<SumBackward0>)
KLD_z loss is  tensor(76.3881, device='cuda:0', grad_fn=<SumBackward0>)
4.677579879760742
BCE loss is  tensor(6530.6641, device='cuda:0', grad_fn=<SumBackward0>)
KLD_z loss is  tensor(57.3234, device='cuda:0', grad_fn=<SumBackward0>)
4.659114360809326
BCE loss is  tensor(6025.3174, device='cuda:0', grad_fn=<SumBackward0>)
KLD_z loss is  tensor(108.1671, device='cuda:0', grad_fn=<SumBackward0>)
4.33768367767334
BCE loss is  tensor(6354.2119, device='cuda:0', grad_fn=<SumBackward0>)
KLD_z loss is  tensor(61.3435, device='cuda:0', grad_fn=<SumBackward0>)
4.537168025970459
BCE loss is  tensor(6547.7729, device='cuda:0', grad_fn=<SumBackward0>)
KLD_z loss is  tensor(37.5578, device='cuda:0', grad_fn=<SumBackward0>)
4.657235145568848
BCE loss is  tensor(6266.7856, device='cuda:0', grad_fn=<SumBackward0>)
KLD_z loss is  tensor(124.1077, device='cuda:0', grad_fn=<SumBackward0>)
4.519726753234863
BCE loss is  tensor(6183.4102, device='cuda:0', grad_fn=<SumBackward0>)
KLD_z loss is  tensor(53.8910, device='cuda:0', grad_fn=<SumBackward0>)
4.411104202270508
BCE loss is  tensor(6778.2651, device='cuda:0', grad_fn=<SumBackward0>)
KLD_z loss is  tensor(130.3981, device='cuda:0', grad_fn=<SumBackward0>)
4.885900497436523
BCE loss is  tensor(6177.5928, device='cuda:0', grad_fn=<SumBackward0>)
KLD_z loss is  tensor(45.9017, device='cuda:0', grad_fn=<SumBackward0>)
4.401340007781982
BCE loss is  tensor(6366.9077, device='cuda:0', grad_fn=<SumBackward0>)
KLD_z loss is  tensor(74.4372, device='cuda:0', grad_fn=<SumBackward0>)
4.55540657043457
BCE loss is  tensor(6393.8838, device='cuda:0', grad_fn=<SumBackward0>)
KLD_z loss is  tensor(50.2648, device='cuda:0', grad_fn=<SumBackward0>)
4.557389259338379
BCE loss is  tensor(6379.0273, device='cuda:0', grad_fn=<SumBackward0>)
KLD_z loss is  tensor(114.0938, device='cuda:0', grad_fn=<SumBackward0>)
4.5920233726501465
BCE loss is  tensor(6789.8511, device='cuda:0', grad_fn=<SumBackward0>)
KLD_z loss is  tensor(72.5774, device='cuda:0', grad_fn=<SumBackward0>)
4.853202819824219
BCE loss is  tensor(6298.5430, device='cuda:0', grad_fn=<SumBackward0>)
KLD_z loss is  tensor(39.3983, device='cuda:0', grad_fn=<SumBackward0>)
4.482278347015381
BCE loss is  tensor(6792.9678, device='cuda:0', grad_fn=<SumBackward0>)
KLD_z loss is  tensor(117.8750, device='cuda:0', grad_fn=<SumBackward0>)
4.887442111968994
BCE loss is  tensor(6498.6880, device='cuda:0', grad_fn=<SumBackward0>)
KLD_z loss is  tensor(127.4364, device='cuda:0', grad_fn=<SumBackward0>)
4.686085224151611
BCE loss is  tensor(6277.8755, device='cuda:0', grad_fn=<SumBackward0>)
KLD_z loss is  tensor(61.4016, device='cuda:0', grad_fn=<SumBackward0>)
4.483222961425781
BCE loss is  tensor(6224.1641, device='cuda:0', grad_fn=<SumBackward0>)
KLD_z loss is  tensor(82.4576, device='cuda:0', grad_fn=<SumBackward0>)
4.460128307342529
BCE loss is  tensor(6029.9321, device='cuda:0', grad_fn=<SumBackward0>)
KLD_z loss is  tensor(54.2702, device='cuda:0', grad_fn=<SumBackward0>)
4.302830219268799
BCE loss is  tensor(6385.7725, device='cuda:0', grad_fn=<SumBackward0>)
KLD_z loss is  tensor(115.8017, device='cuda:0', grad_fn=<SumBackward0>)
4.598001480102539
BCE loss is  tensor(6472.0439, device='cuda:0', grad_fn=<SumBackward0>)
KLD_z loss is  tensor(106.0410, device='cuda:0', grad_fn=<SumBackward0>)
4.652111053466797
BCE loss is  tensor(6672.5918, device='cuda:0', grad_fn=<SumBackward0>)
KLD_z loss is  tensor(62.7767, device='cuda:0', grad_fn=<SumBackward0>)
4.7633442878723145
BCE loss is  tensor(6319.0107, device='cuda:0', grad_fn=<SumBackward0>)
KLD_z loss is  tensor(56.2253, device='cuda:0', grad_fn=<SumBackward0>)
4.50865364074707
BCE loss is  tensor(5813.0811, device='cuda:0', grad_fn=<SumBackward0>)
KLD_z loss is  tensor(36.8995, device='cuda:0', grad_fn=<SumBackward0>)
4.137185573577881
BCE loss is  tensor(6148.4707, device='cuda:0', grad_fn=<SumBackward0>)
KLD_z loss is  tensor(59.8010, device='cuda:0', grad_fn=<SumBackward0>)
4.3905744552612305
BCE loss is  tensor(6330.6465, device='cuda:0', grad_fn=<SumBackward0>)
KLD_z loss is  tensor(75.3259, device='cuda:0', grad_fn=<SumBackward0>)
4.530390739440918
BCE loss is  tensor(6477.2676, device='cuda:0', grad_fn=<SumBackward0>)
KLD_z loss is  tensor(82.4207, device='cuda:0', grad_fn=<SumBackward0>)
4.639101028442383
BCE loss is  tensor(6367.7456, device='cuda:0', grad_fn=<SumBackward0>)
KLD_z loss is  tensor(40.1942, device='cuda:0', grad_fn=<SumBackward0>)
4.531782150268555
BCE loss is  tensor(6136.7090, device='cuda:0', grad_fn=<SumBackward0>)
KLD_z loss is  tensor(95.3522, device='cuda:0', grad_fn=<SumBackward0>)
4.407398223876953
BCE loss is  tensor(6260.2749, device='cuda:0', grad_fn=<SumBackward0>)
KLD_z loss is  tensor(58.8690, device='cuda:0', grad_fn=<SumBackward0>)
4.468984603881836
BCE loss is  tensor(6032.6934, device='cuda:0', grad_fn=<SumBackward0>)
KLD_z loss is  tensor(34.1435, device='cuda:0', grad_fn=<SumBackward0>)
4.2905497550964355
BCE loss is  tensor(5906.8286, device='cuda:0', grad_fn=<SumBackward0>)
KLD_z loss is  tensor(34.6367, device='cuda:0', grad_fn=<SumBackward0>)
4.201885223388672
BCE loss is  tensor(6090.3789, device='cuda:0', grad_fn=<SumBackward0>)
KLD_z loss is  tensor(33.5886, device='cuda:0', grad_fn=<SumBackward0>)
4.330953121185303
BCE loss is  tensor(6643.8799, device='cuda:0', grad_fn=<SumBackward0>)
KLD_z loss is  tensor(90.9560, device='cuda:0', grad_fn=<SumBackward0>)
4.762967586517334
BCE loss is  tensor(6059.3457, device='cuda:0', grad_fn=<SumBackward0>)
KLD_z loss is  tensor(62.6194, device='cuda:0', grad_fn=<SumBackward0>)
4.3295369148254395
BCE loss is  tensor(6638.4375, device='cuda:0', grad_fn=<SumBackward0>)
KLD_z loss is  tensor(99.9896, device='cuda:0', grad_fn=<SumBackward0>)
4.765507221221924
BCE loss is  tensor(6593.2656, device='cuda:0', grad_fn=<SumBackward0>)
KLD_z loss is  tensor(95.3984, device='cuda:0', grad_fn=<SumBackward0>)
4.730314254760742
BCE loss is  tensor(6725.5225, device='cuda:0', grad_fn=<SumBackward0>)
KLD_z loss is  tensor(74.3922, device='cuda:0', grad_fn=<SumBackward0>)
4.8089919090271
BCE loss is  tensor(6466.0371, device='cuda:0', grad_fn=<SumBackward0>)
KLD_z loss is  tensor(45.9155, device='cuda:0', grad_fn=<SumBackward0>)
4.60534143447876
BCE loss is  tensor(6525.9761, device='cuda:0', grad_fn=<SumBackward0>)
KLD_z loss is  tensor(42.6391, device='cuda:0', grad_fn=<SumBackward0>)
4.645413875579834
BCE loss is  tensor(6180.0830, device='cuda:0', grad_fn=<SumBackward0>)
KLD_z loss is  tensor(46.8479, device='cuda:0', grad_fn=<SumBackward0>)
4.4037699699401855
BCE loss is  tensor(5649.8232, device='cuda:0', grad_fn=<SumBackward0>)
KLD_z loss is  tensor(37.1833, device='cuda:0', grad_fn=<SumBackward0>)
4.021928310394287
BCE loss is  tensor(6817.7036, device='cuda:0', grad_fn=<SumBackward0>)
KLD_z loss is  tensor(65.3314, device='cuda:0', grad_fn=<SumBackward0>)
4.867775917053223
BCE loss is  tensor(6421.1201, device='cuda:0', grad_fn=<SumBackward0>)
KLD_z loss is  tensor(92.0083, device='cuda:0', grad_fn=<SumBackward0>)
4.606173038482666
BCE loss is  tensor(6707.5127, device='cuda:0', grad_fn=<SumBackward0>)
KLD_z loss is  tensor(81.7720, device='cuda:0', grad_fn=<SumBackward0>)
4.801474571228027
BCE loss is  tensor(6204.8994, device='cuda:0', grad_fn=<SumBackward0>)
KLD_z loss is  tensor(190.6798, device='cuda:0', grad_fn=<SumBackward0>)
4.523040294647217
BCE loss is  tensor(6393.4692, device='cuda:0', grad_fn=<SumBackward0>)
KLD_z loss is  tensor(142.9066, device='cuda:0', grad_fn=<SumBackward0>)
4.622613906860352
BCE loss is  tensor(6248.2930, device='cuda:0', grad_fn=<SumBackward0>)
KLD_z loss is  tensor(50.7138, device='cuda:0', grad_fn=<SumBackward0>)
4.454743385314941
BCE loss is  tensor(6737.9644, device='cuda:0', grad_fn=<SumBackward0>)
KLD_z loss is  tensor(63.4473, device='cuda:0', grad_fn=<SumBackward0>)
4.810050964355469
BCE loss is  tensor(6360.5625, device='cuda:0', grad_fn=<SumBackward0>)
KLD_z loss is  tensor(57.9355, device='cuda:0', grad_fn=<SumBackward0>)
4.539248943328857
BCE loss is  tensor(6248.0674, device='cuda:0', grad_fn=<SumBackward0>)
KLD_z loss is  tensor(118.7721, device='cuda:0', grad_fn=<SumBackward0>)
4.502715110778809
BCE loss is  tensor(6354.6108, device='cuda:0', grad_fn=<SumBackward0>)
KLD_z loss is  tensor(53.0958, device='cuda:0', grad_fn=<SumBackward0>)
4.531617164611816
BCE loss is  tensor(6541.4873, device='cuda:0', grad_fn=<SumBackward0>)
KLD_z loss is  tensor(87.3889, device='cuda:0', grad_fn=<SumBackward0>)
4.688031196594238
BCE loss is  tensor(6113.9429, device='cuda:0', grad_fn=<SumBackward0>)
KLD_z loss is  tensor(49.7503, device='cuda:0', grad_fn=<SumBackward0>)
4.359047889709473
BCE loss is  tensor(6370.6885, device='cuda:0', grad_fn=<SumBackward0>)
KLD_z loss is  tensor(97.8455, device='cuda:0', grad_fn=<SumBackward0>)
4.5746355056762695
BCE loss is  tensor(6449.4785, device='cuda:0', grad_fn=<SumBackward0>)
KLD_z loss is  tensor(55.6318, device='cuda:0', grad_fn=<SumBackward0>)
4.6005024909973145
BCE loss is  tensor(6499.3223, device='cuda:0', grad_fn=<SumBackward0>)
KLD_z loss is  tensor(104.0744, device='cuda:0', grad_fn=<SumBackward0>)
4.670011520385742
BCE loss is  tensor(6023.7236, device='cuda:0', grad_fn=<SumBackward0>)
KLD_z loss is  tensor(58.6363, device='cuda:0', grad_fn=<SumBackward0>)
4.301527500152588
BCE loss is  tensor(6155.4346, device='cuda:0', grad_fn=<SumBackward0>)
KLD_z loss is  tensor(65.8595, device='cuda:0', grad_fn=<SumBackward0>)
4.399783611297607
BCE loss is  tensor(6180.4038, device='cuda:0', grad_fn=<SumBackward0>)
KLD_z loss is  tensor(57.1281, device='cuda:0', grad_fn=<SumBackward0>)
4.411267280578613
BCE loss is  tensor(5810.9609, device='cuda:0', grad_fn=<SumBackward0>)
KLD_z loss is  tensor(47.9566, device='cuda:0', grad_fn=<SumBackward0>)
4.143506050109863
BCE loss is  tensor(6328.8203, device='cuda:0', grad_fn=<SumBackward0>)
KLD_z loss is  tensor(112.9690, device='cuda:0', grad_fn=<SumBackward0>)
4.555721282958984
BCE loss is  tensor(6745.1235, device='cuda:0', grad_fn=<SumBackward0>)
KLD_z loss is  tensor(86.5859, device='cuda:0', grad_fn=<SumBackward0>)
4.831477642059326
BCE loss is  tensor(6322.8291, device='cuda:0', grad_fn=<SumBackward0>)
KLD_z loss is  tensor(45.1361, device='cuda:0', grad_fn=<SumBackward0>)
4.503511428833008
BCE loss is  tensor(6552.2285, device='cuda:0', grad_fn=<SumBackward0>)
KLD_z loss is  tensor(41.6149, device='cuda:0', grad_fn=<SumBackward0>)
4.66325569152832
BCE loss is  tensor(6059.3950, device='cuda:0', grad_fn=<SumBackward0>)
KLD_z loss is  tensor(38.7861, device='cuda:0', grad_fn=<SumBackward0>)
4.312716484069824
BCE loss is  tensor(6557.4380, device='cuda:0', grad_fn=<SumBackward0>)
KLD_z loss is  tensor(79.3599, device='cuda:0', grad_fn=<SumBackward0>)
4.693633556365967
BCE loss is  tensor(6096.4258, device='cuda:0', grad_fn=<SumBackward0>)
KLD_z loss is  tensor(49.1793, device='cuda:0', grad_fn=<SumBackward0>)
4.346255302429199
BCE loss is  tensor(6355.0391, device='cuda:0', grad_fn=<SumBackward0>)
KLD_z loss is  tensor(60.5306, device='cuda:0', grad_fn=<SumBackward0>)
4.537178039550781
BCE loss is  tensor(6042.1406, device='cuda:0', grad_fn=<SumBackward0>)
KLD_z loss is  tensor(50.5424, device='cuda:0', grad_fn=<SumBackward0>)
4.308828353881836
BCE loss is  tensor(6144.8032, device='cuda:0', grad_fn=<SumBackward0>)
KLD_z loss is  tensor(107.7552, device='cuda:0', grad_fn=<SumBackward0>)
4.421894550323486
BCE loss is  tensor(6755.5493, device='cuda:0', grad_fn=<SumBackward0>)
KLD_z loss is  tensor(80.0506, device='cuda:0', grad_fn=<SumBackward0>)
4.834229469299316
BCE loss is  tensor(6514.4209, device='cuda:0', grad_fn=<SumBackward0>)
KLD_z loss is  tensor(72.1578, device='cuda:0', grad_fn=<SumBackward0>)
4.658117771148682
BCE loss is  tensor(6505.2964, device='cuda:0', grad_fn=<SumBackward0>)
KLD_z loss is  tensor(41.2103, device='cuda:0', grad_fn=<SumBackward0>)
4.6297783851623535
BCE loss is  tensor(6340.1685, device='cuda:0', grad_fn=<SumBackward0>)
KLD_z loss is  tensor(43.1686, device='cuda:0', grad_fn=<SumBackward0>)
4.514382839202881
BCE loss is  tensor(6370.1523, device='cuda:0', grad_fn=<SumBackward0>)
KLD_z loss is  tensor(56.6741, device='cuda:0', grad_fn=<SumBackward0>)
4.545139312744141
BCE loss is  tensor(6717.9766, device='cuda:0', grad_fn=<SumBackward0>)
KLD_z loss is  tensor(58.6357, device='cuda:0', grad_fn=<SumBackward0>)
4.7925124168396
BCE loss is  tensor(6498.3569, device='cuda:0', grad_fn=<SumBackward0>)
KLD_z loss is  tensor(90.2965, device='cuda:0', grad_fn=<SumBackward0>)
4.659584999084473
BCE loss is  tensor(6196.7324, device='cuda:0', grad_fn=<SumBackward0>)
KLD_z loss is  tensor(74.3957, device='cuda:0', grad_fn=<SumBackward0>)
4.435027122497559
BCE loss is  tensor(6612.6104, device='cuda:0', grad_fn=<SumBackward0>)
KLD_z loss is  tensor(86.7921, device='cuda:0', grad_fn=<SumBackward0>)
4.737908363342285
BCE loss is  tensor(6830.4258, device='cuda:0', grad_fn=<SumBackward0>)
KLD_z loss is  tensor(101.7440, device='cuda:0', grad_fn=<SumBackward0>)
4.902524948120117
BCE loss is  tensor(6635.1523, device='cuda:0', grad_fn=<SumBackward0>)
KLD_z loss is  tensor(65.0159, device='cuda:0', grad_fn=<SumBackward0>)
4.738450050354004
BCE loss is  tensor(6656.9727, device='cuda:0', grad_fn=<SumBackward0>)
KLD_z loss is  tensor(81.2695, device='cuda:0', grad_fn=<SumBackward0>)
4.765376567840576
BCE loss is  tensor(6030.7217, device='cuda:0', grad_fn=<SumBackward0>)
KLD_z loss is  tensor(61.4306, device='cuda:0', grad_fn=<SumBackward0>)
4.30845308303833
BCE loss is  tensor(6625.7236, device='cuda:0', grad_fn=<SumBackward0>)
KLD_z loss is  tensor(57.7914, device='cuda:0', grad_fn=<SumBackward0>)
4.726672649383545
BCE loss is  tensor(6497.1313, device='cuda:0', grad_fn=<SumBackward0>)
KLD_z loss is  tensor(111.7212, device='cuda:0', grad_fn=<SumBackward0>)
4.67387056350708
BCE loss is  tensor(5873.9434, device='cuda:0', grad_fn=<SumBackward0>)
KLD_z loss is  tensor(104.8956, device='cuda:0', grad_fn=<SumBackward0>)
4.228316307067871
BCE loss is  tensor(6482.1050, device='cuda:0', grad_fn=<SumBackward0>)
KLD_z loss is  tensor(98.6362, device='cuda:0', grad_fn=<SumBackward0>)
4.653989791870117
BCE loss is  tensor(6567.1826, device='cuda:0', grad_fn=<SumBackward0>)
KLD_z loss is  tensor(75.5821, device='cuda:0', grad_fn=<SumBackward0>)
4.6978535652160645
BCE loss is  tensor(6459.4072, device='cuda:0', grad_fn=<SumBackward0>)
KLD_z loss is  tensor(74.9278, device='cuda:0', grad_fn=<SumBackward0>)
4.621170520782471
BCE loss is  tensor(6740.9712, device='cuda:0', grad_fn=<SumBackward0>)
KLD_z loss is  tensor(91.3653, device='cuda:0', grad_fn=<SumBackward0>)
4.831921100616455
BCE loss is  tensor(6650.8364, device='cuda:0', grad_fn=<SumBackward0>)
KLD_z loss is  tensor(72.1030, device='cuda:0', grad_fn=<SumBackward0>)
4.754554271697998
BCE loss is  tensor(6692.6260, device='cuda:0', grad_fn=<SumBackward0>)
KLD_z loss is  tensor(79.7058, device='cuda:0', grad_fn=<SumBackward0>)
4.789485454559326
BCE loss is  tensor(6267.8555, device='cuda:0', grad_fn=<SumBackward0>)
KLD_z loss is  tensor(35.4223, device='cuda:0', grad_fn=<SumBackward0>)
4.457763671875
BCE loss is  tensor(6562.7476, device='cuda:0', grad_fn=<SumBackward0>)
KLD_z loss is  tensor(78.1019, device='cuda:0', grad_fn=<SumBackward0>)
4.696498870849609
BCE loss is  tensor(6604.0005, device='cuda:0', grad_fn=<SumBackward0>)
KLD_z loss is  tensor(71.5192, device='cuda:0', grad_fn=<SumBackward0>)
4.721018314361572
BCE loss is  tensor(5936.0820, device='cuda:0', grad_fn=<SumBackward0>)
KLD_z loss is  tensor(97.6812, device='cuda:0', grad_fn=<SumBackward0>)
4.267159461975098
BCE loss is  tensor(6656.3926, device='cuda:0', grad_fn=<SumBackward0>)
KLD_z loss is  tensor(45.5125, device='cuda:0', grad_fn=<SumBackward0>)
4.739678382873535
BCE loss is  tensor(6323.8042, device='cuda:0', grad_fn=<SumBackward0>)
KLD_z loss is  tensor(64.0498, device='cuda:0', grad_fn=<SumBackward0>)
4.517577171325684
BCE loss is  tensor(6203.7686, device='cuda:0', grad_fn=<SumBackward0>)
KLD_z loss is  tensor(70.2761, device='cuda:0', grad_fn=<SumBackward0>)
4.437089443206787
BCE loss is  tensor(6627.9233, device='cuda:0', grad_fn=<SumBackward0>)
KLD_z loss is  tensor(81.8726, device='cuda:0', grad_fn=<SumBackward0>)
4.745258808135986
BCE loss is  tensor(6421.5405, device='cuda:0', grad_fn=<SumBackward0>)
KLD_z loss is  tensor(72.9644, device='cuda:0', grad_fn=<SumBackward0>)
4.5930023193359375
BCE loss is  tensor(6257.2734, device='cuda:0', grad_fn=<SumBackward0>)
KLD_z loss is  tensor(41.9670, device='cuda:0', grad_fn=<SumBackward0>)
4.45490837097168
BCE loss is  tensor(6471.8467, device='cuda:0', grad_fn=<SumBackward0>)
KLD_z loss is  tensor(40.2746, device='cuda:0', grad_fn=<SumBackward0>)
4.6054606437683105
BCE loss is  tensor(6000.0605, device='cuda:0', grad_fn=<SumBackward0>)
KLD_z loss is  tensor(39.3969, device='cuda:0', grad_fn=<SumBackward0>)
4.271186351776123
BCE loss is  tensor(6310.9951, device='cuda:0', grad_fn=<SumBackward0>)
KLD_z loss is  tensor(49.9957, device='cuda:0', grad_fn=<SumBackward0>)
4.498579025268555
BCE loss is  tensor(6547.6021, device='cuda:0', grad_fn=<SumBackward0>)
KLD_z loss is  tensor(60.9029, device='cuda:0', grad_fn=<SumBackward0>)
4.673624515533447
BCE loss is  tensor(6704.1860, device='cuda:0', grad_fn=<SumBackward0>)
KLD_z loss is  tensor(52.9150, device='cuda:0', grad_fn=<SumBackward0>)
4.778713703155518
BCE loss is  tensor(6581.3047, device='cuda:0', grad_fn=<SumBackward0>)
KLD_z loss is  tensor(46.6462, device='cuda:0', grad_fn=<SumBackward0>)
4.687376976013184
BCE loss is  tensor(6626.5215, device='cuda:0', grad_fn=<SumBackward0>)
KLD_z loss is  tensor(68.7987, device='cuda:0', grad_fn=<SumBackward0>)
4.735021591186523
BCE loss is  tensor(6030.1445, device='cuda:0', grad_fn=<SumBackward0>)
KLD_z loss is  tensor(42.4373, device='cuda:0', grad_fn=<SumBackward0>)
4.294612407684326
BCE loss is  tensor(6257.8213, device='cuda:0', grad_fn=<SumBackward0>)
KLD_z loss is  tensor(68.5704, device='cuda:0', grad_fn=<SumBackward0>)
4.474110126495361
BCE loss is  tensor(6389.0483, device='cuda:0', grad_fn=<SumBackward0>)
KLD_z loss is  tensor(64.1914, device='cuda:0', grad_fn=<SumBackward0>)
4.56381893157959
BCE loss is  tensor(6578.1548, device='cuda:0', grad_fn=<SumBackward0>)
KLD_z loss is  tensor(67.6318, device='cuda:0', grad_fn=<SumBackward0>)
4.699990749359131
BCE loss is  tensor(6863.0098, device='cuda:0', grad_fn=<SumBackward0>)
KLD_z loss is  tensor(82.3652, device='cuda:0', grad_fn=<SumBackward0>)
4.911863803863525
BCE loss is  tensor(6716.1934, device='cuda:0', grad_fn=<SumBackward0>)
KLD_z loss is  tensor(69.8716, device='cuda:0', grad_fn=<SumBackward0>)
4.799197196960449
BCE loss is  tensor(6118.6748, device='cuda:0', grad_fn=<SumBackward0>)
KLD_z loss is  tensor(35.3314, device='cuda:0', grad_fn=<SumBackward0>)
4.352197170257568
BCE loss is  tensor(6223.3955, device='cuda:0', grad_fn=<SumBackward0>)
KLD_z loss is  tensor(48.9167, device='cuda:0', grad_fn=<SumBackward0>)
4.435864448547363
BCE loss is  tensor(6450.3696, device='cuda:0', grad_fn=<SumBackward0>)
KLD_z loss is  tensor(70.4021, device='cuda:0', grad_fn=<SumBackward0>)
4.611578464508057
BCE loss is  tensor(6178.8125, device='cuda:0', grad_fn=<SumBackward0>)
KLD_z loss is  tensor(53.5284, device='cuda:0', grad_fn=<SumBackward0>)
4.407596111297607
BCE loss is  tensor(6462.8311, device='cuda:0', grad_fn=<SumBackward0>)
KLD_z loss is  tensor(84.9233, device='cuda:0', grad_fn=<SumBackward0>)
4.6306610107421875
BCE loss is  tensor(6339.6338, device='cuda:0', grad_fn=<SumBackward0>)
KLD_z loss is  tensor(89.5497, device='cuda:0', grad_fn=<SumBackward0>)
4.5468058586120605
BCE loss is  tensor(6201.1523, device='cuda:0', grad_fn=<SumBackward0>)
KLD_z loss is  tensor(136.5598, device='cuda:0', grad_fn=<SumBackward0>)
4.482116222381592
BCE loss is  tensor(6384.7803, device='cuda:0', grad_fn=<SumBackward0>)
KLD_z loss is  tensor(44.4749, device='cuda:0', grad_fn=<SumBackward0>)
4.546856880187988
BCE loss is  tensor(5838.5713, device='cuda:0', grad_fn=<SumBackward0>)
KLD_z loss is  tensor(122.6592, device='cuda:0', grad_fn=<SumBackward0>)
4.215863227844238
BCE loss is  tensor(6385.3691, device='cuda:0', grad_fn=<SumBackward0>)
KLD_z loss is  tensor(95.7376, device='cuda:0', grad_fn=<SumBackward0>)
4.583527088165283
BCE loss is  tensor(6236.6895, device='cuda:0', grad_fn=<SumBackward0>)
KLD_z loss is  tensor(71.1026, device='cuda:0', grad_fn=<SumBackward0>)
4.46095609664917
BCE loss is  tensor(6331.8784, device='cuda:0', grad_fn=<SumBackward0>)
KLD_z loss is  tensor(41.3429, device='cuda:0', grad_fn=<SumBackward0>)
4.507228851318359
BCE loss is  tensor(6407.5815, device='cuda:0', grad_fn=<SumBackward0>)
KLD_z loss is  tensor(98.4119, device='cuda:0', grad_fn=<SumBackward0>)
4.6011271476745605
BCE loss is  tensor(6486.1689, device='cuda:0', grad_fn=<SumBackward0>)
KLD_z loss is  tensor(154.1906, device='cuda:0', grad_fn=<SumBackward0>)
4.696152210235596
BCE loss is  tensor(6146.4761, device='cuda:0', grad_fn=<SumBackward0>)
KLD_z loss is  tensor(56.7795, device='cuda:0', grad_fn=<SumBackward0>)
4.387026309967041
BCE loss is  tensor(6465.1865, device='cuda:0', grad_fn=<SumBackward0>)
KLD_z loss is  tensor(38.8402, device='cuda:0', grad_fn=<SumBackward0>)
4.599736213684082
BCE loss is  tensor(6933.9272, device='cuda:0', grad_fn=<SumBackward0>)
KLD_z loss is  tensor(134.2573, device='cuda:0', grad_fn=<SumBackward0>)
4.998716354370117
BCE loss is  tensor(5953.8853, device='cuda:0', grad_fn=<SumBackward0>)
KLD_z loss is  tensor(34.6837, device='cuda:0', grad_fn=<SumBackward0>)
4.235197067260742
BCE loss is  tensor(6022.7871, device='cuda:0', grad_fn=<SumBackward0>)
KLD_z loss is  tensor(44.9895, device='cuda:0', grad_fn=<SumBackward0>)
4.2912139892578125
BCE loss is  tensor(6654.9697, device='cuda:0', grad_fn=<SumBackward0>)
KLD_z loss is  tensor(63.9431, device='cuda:0', grad_fn=<SumBackward0>)
4.751706123352051
BCE loss is  tensor(6447.7598, device='cuda:0', grad_fn=<SumBackward0>)
KLD_z loss is  tensor(68.8042, device='cuda:0', grad_fn=<SumBackward0>)
4.608602523803711
BCE loss is  tensor(6759.6235, device='cuda:0', grad_fn=<SumBackward0>)
KLD_z loss is  tensor(95.2362, device='cuda:0', grad_fn=<SumBackward0>)
4.8478498458862305
BCE loss is  tensor(6579.5640, device='cuda:0', grad_fn=<SumBackward0>)
KLD_z loss is  tensor(66.5268, device='cuda:0', grad_fn=<SumBackward0>)
4.7002058029174805
BCE loss is  tensor(6237.6963, device='cuda:0', grad_fn=<SumBackward0>)
KLD_z loss is  tensor(51.8780, device='cuda:0', grad_fn=<SumBackward0>)
4.44807243347168
BCE loss is  tensor(6019.8354, device='cuda:0', grad_fn=<SumBackward0>)
KLD_z loss is  tensor(129.6770, device='cuda:0', grad_fn=<SumBackward0>)
4.349018573760986
BCE loss is  tensor(6055.0757, device='cuda:0', grad_fn=<SumBackward0>)
KLD_z loss is  tensor(37.2819, device='cuda:0', grad_fn=<SumBackward0>)
4.308598041534424
BCE loss is  tensor(6603.8955, device='cuda:0', grad_fn=<SumBackward0>)
KLD_z loss is  tensor(109.8727, device='cuda:0', grad_fn=<SumBackward0>)
4.748067855834961
BCE loss is  tensor(6993.0063, device='cuda:0', grad_fn=<SumBackward0>)
KLD_z loss is  tensor(84.4160, device='cuda:0', grad_fn=<SumBackward0>)
5.005249500274658
BCE loss is  tensor(6214.1406, device='cuda:0', grad_fn=<SumBackward0>)
KLD_z loss is  tensor(49.5108, device='cuda:0', grad_fn=<SumBackward0>)
4.429739475250244
BCE loss is  tensor(6779.3872, device='cuda:0', grad_fn=<SumBackward0>)
KLD_z loss is  tensor(90.3919, device='cuda:0', grad_fn=<SumBackward0>)
4.858401298522949
BCE loss is  tensor(6406.8784, device='cuda:0', grad_fn=<SumBackward0>)
KLD_z loss is  tensor(69.2732, device='cuda:0', grad_fn=<SumBackward0>)
4.58002233505249
BCE loss is  tensor(6467.8369, device='cuda:0', grad_fn=<SumBackward0>)
KLD_z loss is  tensor(47.6567, device='cuda:0', grad_fn=<SumBackward0>)
4.607845783233643
BCE loss is  tensor(6496.0713, device='cuda:0', grad_fn=<SumBackward0>)
KLD_z loss is  tensor(57.6065, device='cuda:0', grad_fn=<SumBackward0>)
4.634850025177002
BCE loss is  tensor(6027.5938, device='cuda:0', grad_fn=<SumBackward0>)
KLD_z loss is  tensor(36.5271, device='cuda:0', grad_fn=<SumBackward0>)
4.288628578186035
BCE loss is  tensor(6571.2676, device='cuda:0', grad_fn=<SumBackward0>)
KLD_z loss is  tensor(70.5314, device='cuda:0', grad_fn=<SumBackward0>)
4.697170257568359
BCE loss is  tensor(6500.9150, device='cuda:0', grad_fn=<SumBackward0>)
KLD_z loss is  tensor(51.0271, device='cuda:0', grad_fn=<SumBackward0>)
4.633622646331787
BCE loss is  tensor(6468.1235, device='cuda:0', grad_fn=<SumBackward0>)
KLD_z loss is  tensor(97.4464, device='cuda:0', grad_fn=<SumBackward0>)
4.6432600021362305
BCE loss is  tensor(6289.3438, device='cuda:0', grad_fn=<SumBackward0>)
KLD_z loss is  tensor(42.5706, device='cuda:0', grad_fn=<SumBackward0>)
4.478015899658203
BCE loss is  tensor(6257.9160, device='cuda:0', grad_fn=<SumBackward0>)
KLD_z loss is  tensor(65.6354, device='cuda:0', grad_fn=<SumBackward0>)
4.472101211547852
BCE loss is  tensor(6184.0278, device='cuda:0', grad_fn=<SumBackward0>)
KLD_z loss is  tensor(56.3474, device='cuda:0', grad_fn=<SumBackward0>)
4.413278579711914
BCE loss is  tensor(6212.1655, device='cuda:0', grad_fn=<SumBackward0>)
KLD_z loss is  tensor(35.5612, device='cuda:0', grad_fn=<SumBackward0>)
4.4184770584106445
BCE loss is  tensor(5907.2432, device='cuda:0', grad_fn=<SumBackward0>)
KLD_z loss is  tensor(73.3598, device='cuda:0', grad_fn=<SumBackward0>)
4.2295637130737305
BCE loss is  tensor(5910.9985, device='cuda:0', grad_fn=<SumBackward0>)
KLD_z loss is  tensor(71.7229, device='cuda:0', grad_fn=<SumBackward0>)
4.231061935424805
BCE loss is  tensor(6083.3154, device='cuda:0', grad_fn=<SumBackward0>)
KLD_z loss is  tensor(49.7804, device='cuda:0', grad_fn=<SumBackward0>)
4.337408542633057
BCE loss is  tensor(6672.9355, device='cuda:0', grad_fn=<SumBackward0>)
KLD_z loss is  tensor(82.7055, device='cuda:0', grad_fn=<SumBackward0>)
4.777681350708008
BCE loss is  tensor(6623.6865, device='cuda:0', grad_fn=<SumBackward0>)
KLD_z loss is  tensor(78.2641, device='cuda:0', grad_fn=<SumBackward0>)
4.739710807800293
BCE loss is  tensor(6364.9746, device='cuda:0', grad_fn=<SumBackward0>)
KLD_z loss is  tensor(64.5432, device='cuda:0', grad_fn=<SumBackward0>)
4.547042369842529
BCE loss is  tensor(6181.7480, device='cuda:0', grad_fn=<SumBackward0>)
KLD_z loss is  tensor(41.2074, device='cuda:0', grad_fn=<SumBackward0>)
4.40095853805542
BCE loss is  tensor(6849.7021, device='cuda:0', grad_fn=<SumBackward0>)
KLD_z loss is  tensor(80.2479, device='cuda:0', grad_fn=<SumBackward0>)
4.9009552001953125
BCE loss is  tensor(6565.6152, device='cuda:0', grad_fn=<SumBackward0>)
KLD_z loss is  tensor(201.9176, device='cuda:0', grad_fn=<SumBackward0>)
4.786091327667236
BCE loss is  tensor(6260.4038, device='cuda:0', grad_fn=<SumBackward0>)
KLD_z loss is  tensor(67.5054, device='cuda:0', grad_fn=<SumBackward0>)
4.475183486938477
BCE loss is  tensor(6081.4287, device='cuda:0', grad_fn=<SumBackward0>)
KLD_z loss is  tensor(33.9202, device='cuda:0', grad_fn=<SumBackward0>)
4.32485818862915
BCE loss is  tensor(6482.0781, device='cuda:0', grad_fn=<SumBackward0>)
KLD_z loss is  tensor(92.6155, device='cuda:0', grad_fn=<SumBackward0>)
4.649713039398193
BCE loss is  tensor(6407.3770, device='cuda:0', grad_fn=<SumBackward0>)
KLD_z loss is  tensor(87.2850, device='cuda:0', grad_fn=<SumBackward0>)
4.593113422393799
BCE loss is  tensor(6404.8604, device='cuda:0', grad_fn=<SumBackward0>)
KLD_z loss is  tensor(82.3390, device='cuda:0', grad_fn=<SumBackward0>)
4.587835311889648
BCE loss is  tensor(6781.4600, device='cuda:0', grad_fn=<SumBackward0>)
KLD_z loss is  tensor(96.7499, device='cuda:0', grad_fn=<SumBackward0>)
4.864363670349121
BCE loss is  tensor(6259.4302, device='cuda:0', grad_fn=<SumBackward0>)
KLD_z loss is  tensor(58.5840, device='cuda:0', grad_fn=<SumBackward0>)
4.4681854248046875
BCE loss is  tensor(6697.2383, device='cuda:0', grad_fn=<SumBackward0>)
KLD_z loss is  tensor(59.2086, device='cuda:0', grad_fn=<SumBackward0>)
4.7782511711120605
BCE loss is  tensor(6603.4414, device='cuda:0', grad_fn=<SumBackward0>)
KLD_z loss is  tensor(64.9008, device='cuda:0', grad_fn=<SumBackward0>)
4.7159423828125
BCE loss is  tensor(6458.2598, device='cuda:0', grad_fn=<SumBackward0>)
KLD_z loss is  tensor(100.7368, device='cuda:0', grad_fn=<SumBackward0>)
4.638611316680908
BCE loss is  tensor(6452.3252, device='cuda:0', grad_fn=<SumBackward0>)
KLD_z loss is  tensor(50.8474, device='cuda:0', grad_fn=<SumBackward0>)
4.599132061004639
BCE loss is  tensor(6818.7949, device='cuda:0', grad_fn=<SumBackward0>)
KLD_z loss is  tensor(163.9926, device='cuda:0', grad_fn=<SumBackward0>)
4.938322067260742
BCE loss is  tensor(6608.9453, device='cuda:0', grad_fn=<SumBackward0>)
KLD_z loss is  tensor(69.7834, device='cuda:0', grad_fn=<SumBackward0>)
4.723287582397461
BCE loss is  tensor(6135.9736, device='cuda:0', grad_fn=<SumBackward0>)
KLD_z loss is  tensor(65.1035, device='cuda:0', grad_fn=<SumBackward0>)
4.385486125946045
BCE loss is  tensor(5882.5776, device='cuda:0', grad_fn=<SumBackward0>)
KLD_z loss is  tensor(80.4140, device='cuda:0', grad_fn=<SumBackward0>)
4.217108726501465
BCE loss is  tensor(6462.8916, device='cuda:0', grad_fn=<SumBackward0>)
KLD_z loss is  tensor(69.6866, device='cuda:0', grad_fn=<SumBackward0>)
4.619927883148193
BCE loss is  tensor(6722.2734, device='cuda:0', grad_fn=<SumBackward0>)
KLD_z loss is  tensor(83.2427, device='cuda:0', grad_fn=<SumBackward0>)
4.812953472137451
BCE loss is  tensor(6238.7749, device='cuda:0', grad_fn=<SumBackward0>)
KLD_z loss is  tensor(61.8456, device='cuda:0', grad_fn=<SumBackward0>)
4.4558844566345215
BCE loss is  tensor(6307.2173, device='cuda:0', grad_fn=<SumBackward0>)
KLD_z loss is  tensor(83.5994, device='cuda:0', grad_fn=<SumBackward0>)
4.519672393798828
BCE loss is  tensor(6682.4985, device='cuda:0', grad_fn=<SumBackward0>)
KLD_z loss is  tensor(75.7664, device='cuda:0', grad_fn=<SumBackward0>)
4.779536724090576
BCE loss is  tensor(6138.4443, device='cuda:0', grad_fn=<SumBackward0>)
KLD_z loss is  tensor(40.8887, device='cuda:0', grad_fn=<SumBackward0>)
4.370108127593994
BCE loss is  tensor(6441.0273, device='cuda:0', grad_fn=<SumBackward0>)
KLD_z loss is  tensor(101.2027, device='cuda:0', grad_fn=<SumBackward0>)
4.626753807067871
BCE loss is  tensor(6253.9438, device='cuda:0', grad_fn=<SumBackward0>)
KLD_z loss is  tensor(85.2801, device='cuda:0', grad_fn=<SumBackward0>)
4.483185291290283
BCE loss is  tensor(5952.4150, device='cuda:0', grad_fn=<SumBackward0>)
KLD_z loss is  tensor(45.2619, device='cuda:0', grad_fn=<SumBackward0>)
4.241638660430908
BCE loss is  tensor(6529.8647, device='cuda:0', grad_fn=<SumBackward0>)
KLD_z loss is  tensor(93.1134, device='cuda:0', grad_fn=<SumBackward0>)
4.6838603019714355
BCE loss is  tensor(6335.5342, device='cuda:0', grad_fn=<SumBackward0>)
KLD_z loss is  tensor(59.7119, device='cuda:0', grad_fn=<SumBackward0>)
4.5228047370910645
BCE loss is  tensor(6694.5337, device='cuda:0', grad_fn=<SumBackward0>)
KLD_z loss is  tensor(69.1161, device='cuda:0', grad_fn=<SumBackward0>)
4.7833452224731445
BCE loss is  tensor(6413.7563, device='cuda:0', grad_fn=<SumBackward0>)
KLD_z loss is  tensor(57.0778, device='cuda:0', grad_fn=<SumBackward0>)
4.576261520385742
BCE loss is  tensor(6611.1372, device='cuda:0', grad_fn=<SumBackward0>)
KLD_z loss is  tensor(83.8863, device='cuda:0', grad_fn=<SumBackward0>)
4.734811782836914
BCE loss is  tensor(6106.8799, device='cuda:0', grad_fn=<SumBackward0>)
KLD_z loss is  tensor(50.6418, device='cuda:0', grad_fn=<SumBackward0>)
4.354682922363281
BCE loss is  tensor(6260.5728, device='cuda:0', grad_fn=<SumBackward0>)
KLD_z loss is  tensor(79.2036, device='cuda:0', grad_fn=<SumBackward0>)
4.483575820922852
BCE loss is  tensor(6256.0391, device='cuda:0', grad_fn=<SumBackward0>)
KLD_z loss is  tensor(46.3067, device='cuda:0', grad_fn=<SumBackward0>)
4.457104682922363
BCE loss is  tensor(6539.9580, device='cuda:0', grad_fn=<SumBackward0>)
KLD_z loss is  tensor(56.2737, device='cuda:0', grad_fn=<SumBackward0>)
4.664944648742676
BCE loss is  tensor(6287.8408, device='cuda:0', grad_fn=<SumBackward0>)
KLD_z loss is  tensor(137.3490, device='cuda:0', grad_fn=<SumBackward0>)
4.543981552124023
BCE loss is  tensor(6424.5942, device='cuda:0', grad_fn=<SumBackward0>)
KLD_z loss is  tensor(55.6867, device='cuda:0', grad_fn=<SumBackward0>)
4.582942485809326
BCE loss is  tensor(6020.5742, device='cuda:0', grad_fn=<SumBackward0>)
KLD_z loss is  tensor(190.6555, device='cuda:0', grad_fn=<SumBackward0>)
4.392665863037109
BCE loss is  tensor(6305.0752, device='cuda:0', grad_fn=<SumBackward0>)
KLD_z loss is  tensor(54.9593, device='cuda:0', grad_fn=<SumBackward0>)
4.497902870178223
BCE loss is  tensor(6675.9883, device='cuda:0', grad_fn=<SumBackward0>)
KLD_z loss is  tensor(121.7304, device='cuda:0', grad_fn=<SumBackward0>)
4.80743932723999
BCE loss is  tensor(6678.6616, device='cuda:0', grad_fn=<SumBackward0>)
KLD_z loss is  tensor(155.4331, device='cuda:0', grad_fn=<SumBackward0>)
4.833164691925049
BCE loss is  tensor(6385.0356, device='cuda:0', grad_fn=<SumBackward0>)
KLD_z loss is  tensor(52.2532, device='cuda:0', grad_fn=<SumBackward0>)
4.5525383949279785
BCE loss is  tensor(6547.5469, device='cuda:0', grad_fn=<SumBackward0>)
KLD_z loss is  tensor(85.3983, device='cuda:0', grad_fn=<SumBackward0>)
4.690908908843994
BCE loss is  tensor(6845.0127, device='cuda:0', grad_fn=<SumBackward0>)
KLD_z loss is  tensor(99.4707, device='cuda:0', grad_fn=<SumBackward0>)
4.911232948303223
BCE loss is  tensor(6543.7021, device='cuda:0', grad_fn=<SumBackward0>)
KLD_z loss is  tensor(55.2214, device='cuda:0', grad_fn=<SumBackward0>)
4.666848182678223
BCE loss is  tensor(6564.6260, device='cuda:0', grad_fn=<SumBackward0>)
KLD_z loss is  tensor(73.5055, device='cuda:0', grad_fn=<SumBackward0>)
4.694576740264893
BCE loss is  tensor(6592.9824, device='cuda:0', grad_fn=<SumBackward0>)
KLD_z loss is  tensor(180.4065, device='cuda:0', grad_fn=<SumBackward0>)
4.7902326583862305
BCE loss is  tensor(6490.0229, device='cuda:0', grad_fn=<SumBackward0>)
KLD_z loss is  tensor(65.1420, device='cuda:0', grad_fn=<SumBackward0>)
4.635901927947998
BCE loss is  tensor(6143.4639, device='cuda:0', grad_fn=<SumBackward0>)
KLD_z loss is  tensor(60.6445, device='cuda:0', grad_fn=<SumBackward0>)
4.387629985809326
BCE loss is  tensor(6532.1968, device='cuda:0', grad_fn=<SumBackward0>)
KLD_z loss is  tensor(110.3380, device='cuda:0', grad_fn=<SumBackward0>)
4.697690963745117
BCE loss is  tensor(6064.6025, device='cuda:0', grad_fn=<SumBackward0>)
KLD_z loss is  tensor(46.4351, device='cuda:0', grad_fn=<SumBackward0>)
4.321808815002441
BCE loss is  tensor(6850.6338, device='cuda:0', grad_fn=<SumBackward0>)
KLD_z loss is  tensor(144.9044, device='cuda:0', grad_fn=<SumBackward0>)
4.9473395347595215
BCE loss is  tensor(5689.9678, device='cuda:0', grad_fn=<SumBackward0>)
KLD_z loss is  tensor(91.9619, device='cuda:0', grad_fn=<SumBackward0>)
4.089059352874756
BCE loss is  tensor(6334.5049, device='cuda:0', grad_fn=<SumBackward0>)
KLD_z loss is  tensor(45.0292, device='cuda:0', grad_fn=<SumBackward0>)
4.511693477630615
BCE loss is  tensor(6053.9746, device='cuda:0', grad_fn=<SumBackward0>)
KLD_z loss is  tensor(50.2318, device='cuda:0', grad_fn=<SumBackward0>)
4.3169779777526855
BCE loss is  tensor(6065.9443, device='cuda:0', grad_fn=<SumBackward0>)
KLD_z loss is  tensor(87.2700, device='cuda:0', grad_fn=<SumBackward0>)
4.35163688659668
BCE loss is  tensor(6203.6846, device='cuda:0', grad_fn=<SumBackward0>)
KLD_z loss is  tensor(65.5397, device='cuda:0', grad_fn=<SumBackward0>)
4.433680534362793
BCE loss is  tensor(5903.7725, device='cuda:0', grad_fn=<SumBackward0>)
KLD_z loss is  tensor(70.7901, device='cuda:0', grad_fn=<SumBackward0>)
4.225291728973389
BCE loss is  tensor(6109.2661, device='cuda:0', grad_fn=<SumBackward0>)
KLD_z loss is  tensor(113.9211, device='cuda:0', grad_fn=<SumBackward0>)
4.401122570037842
BCE loss is  tensor(6477.9053, device='cuda:0', grad_fn=<SumBackward0>)
KLD_z loss is  tensor(137.8030, device='cuda:0', grad_fn=<SumBackward0>)
4.678718566894531
BCE loss is  tensor(6050.9209, device='cuda:0', grad_fn=<SumBackward0>)
KLD_z loss is  tensor(60.9270, device='cuda:0', grad_fn=<SumBackward0>)
4.322381973266602
BCE loss is  tensor(6209.4033, device='cuda:0', grad_fn=<SumBackward0>)
KLD_z loss is  tensor(42.6996, device='cuda:0', grad_fn=<SumBackward0>)
4.421572208404541
BCE loss is  tensor(5851.0303, device='cuda:0', grad_fn=<SumBackward0>)
KLD_z loss is  tensor(95.2134, device='cuda:0', grad_fn=<SumBackward0>)
4.205264568328857
BCE loss is  tensor(6132.2993, device='cuda:0', grad_fn=<SumBackward0>)
KLD_z loss is  tensor(63.9837, device='cuda:0', grad_fn=<SumBackward0>)
4.382095813751221
BCE loss is  tensor(6611.5791, device='cuda:0', grad_fn=<SumBackward0>)
KLD_z loss is  tensor(100.2539, device='cuda:0', grad_fn=<SumBackward0>)
4.746699333190918
BCE loss is  tensor(6516.3926, device='cuda:0', grad_fn=<SumBackward0>)
KLD_z loss is  tensor(135.1087, device='cuda:0', grad_fn=<SumBackward0>)
4.7040324211120605
BCE loss is  tensor(6636.5107, device='cuda:0', grad_fn=<SumBackward0>)
KLD_z loss is  tensor(83.4110, device='cuda:0', grad_fn=<SumBackward0>)
4.752419948577881
BCE loss is  tensor(6440.7480, device='cuda:0', grad_fn=<SumBackward0>)
KLD_z loss is  tensor(70.9599, device='cuda:0', grad_fn=<SumBackward0>)
4.605168342590332
BCE loss is  tensor(6033.0879, device='cuda:0', grad_fn=<SumBackward0>)
KLD_z loss is  tensor(140.4705, device='cuda:0', grad_fn=<SumBackward0>)
4.366024494171143
BCE loss is  tensor(6445.2935, device='cuda:0', grad_fn=<SumBackward0>)
KLD_z loss is  tensor(93.8672, device='cuda:0', grad_fn=<SumBackward0>)
4.6245832443237305
BCE loss is  tensor(6396.4883, device='cuda:0', grad_fn=<SumBackward0>)
KLD_z loss is  tensor(98.5805, device='cuda:0', grad_fn=<SumBackward0>)
4.593400955200195
BCE loss is  tensor(6307.3511, device='cuda:0', grad_fn=<SumBackward0>)
KLD_z loss is  tensor(97.4074, device='cuda:0', grad_fn=<SumBackward0>)
4.529531955718994
BCE loss is  tensor(6704.2178, device='cuda:0', grad_fn=<SumBackward0>)
KLD_z loss is  tensor(97.7373, device='cuda:0', grad_fn=<SumBackward0>)
4.8104352951049805
BCE loss is  tensor(6301.3940, device='cuda:0', grad_fn=<SumBackward0>)
KLD_z loss is  tensor(55.2359, device='cuda:0', grad_fn=<SumBackward0>)
4.495494842529297
BCE loss is  tensor(6379.8457, device='cuda:0', grad_fn=<SumBackward0>)
KLD_z loss is  tensor(49.4583, device='cuda:0', grad_fn=<SumBackward0>)
4.546891212463379
BCE loss is  tensor(6544.5000, device='cuda:0', grad_fn=<SumBackward0>)
KLD_z loss is  tensor(96.1632, device='cuda:0', grad_fn=<SumBackward0>)
4.696367263793945
BCE loss is  tensor(6684.9438, device='cuda:0', grad_fn=<SumBackward0>)
KLD_z loss is  tensor(80.5112, device='cuda:0', grad_fn=<SumBackward0>)
4.784621715545654
BCE loss is  tensor(6580.7886, device='cuda:0', grad_fn=<SumBackward0>)
KLD_z loss is  tensor(104.4643, device='cuda:0', grad_fn=<SumBackward0>)
4.727901935577393
BCE loss is  tensor(6103.6489, device='cuda:0', grad_fn=<SumBackward0>)
KLD_z loss is  tensor(134.3535, device='cuda:0', grad_fn=<SumBackward0>)
4.411600112915039
BCE loss is  tensor(6733.3462, device='cuda:0', grad_fn=<SumBackward0>)
KLD_z loss is  tensor(66.1497, device='cuda:0', grad_fn=<SumBackward0>)
4.808696269989014
BCE loss is  tensor(6023.7393, device='cuda:0', grad_fn=<SumBackward0>)
KLD_z loss is  tensor(103.2507, device='cuda:0', grad_fn=<SumBackward0>)
4.333090305328369
BCE loss is  tensor(6217.0986, device='cuda:0', grad_fn=<SumBackward0>)
KLD_z loss is  tensor(79.9099, device='cuda:0', grad_fn=<SumBackward0>)
4.453330039978027
BCE loss is  tensor(6091.1885, device='cuda:0', grad_fn=<SumBackward0>)
KLD_z loss is  tensor(89.0890, device='cuda:0', grad_fn=<SumBackward0>)
4.370776176452637
BCE loss is  tensor(6592.4976, device='cuda:0', grad_fn=<SumBackward0>)
KLD_z loss is  tensor(50.1438, device='cuda:0', grad_fn=<SumBackward0>)
4.697766304016113
Per subject loss is  4.548352709888706
